10:55:36.357 INFO     Reading ED graphics display settings from 'C:\Users\Vova\AppData\Local\Frontier Developments\Elite Dangerous\Options\Graphics\DisplaySettings.xml'.
10:55:36.358 INFO     Reading ED graphics settings from 'C:\Users\Vova\AppData\Local\Frontier Developments\Elite Dangerous\Options\Graphics\Settings.xml'.
10:55:36.358 DEBUG    Elite Dangerous Display Config 'ScreenWidth': 2560.
10:55:36.359 DEBUG    Elite Dangerous Display Config 'ScreenHeight': 1440.
10:55:36.359 DEBUG    Elite Dangerous Display Config 'Fullscreen': Borderless.
10:55:36.359 DEBUG    Elite Dangerous Display Config 'Monitor': 0.
10:55:36.360 DEBUG    Elite Dangerous Graphics Options 'FOV': 56.249001.
10:55:36.363 DEBUG    Found Elite Dangerous window position: (0, 0, 2560, 1440)
10:55:36.363 DEBUG    Found monitor 1 with details: {'left': 0, 'top': 0, 'width': 2560, 'height': 1440}
10:55:36.364 DEBUG    Elite Dangerous is on monitor 1.
10:55:36.364 DEBUG    read json:{'1024x768': [0.39, 0.39], '1080x1080': [0.5, 0.5], '1280x800': [0.48, 0.48], '1280x1024': [0.5, 0.5], '1600x900': [0.6, 0.6], '1920x1080': [0.75, 0.75], '1920x1200': [0.73, 0.73], '1920x1440': [0.8, 0.8], '2560x1080': [0.75, 0.75], '2560x1440': [1.0, 1.0], '3440x1440': [1.0, 1.0], '3840 x 2160': [1.52, 1.52], 'Calibrated': [-1.0, -1.0]}
10:55:36.364 DEBUG    screen size: 2560 1440
10:55:36.364 DEBUG    Default scale X, Y: 1.0, 1.0
10:55:37.520 INFO     Opening new Journal: C:\Users\Vova\Saved Games\Frontier Developments\Elite Dangerous\Journal.2025-11-21T103924.01.log
10:55:37.544 DEBUG    Journal*.log: read: 1 ship: {'time': 23, 'odyssey': True, 'status': 'in_space', 'type': None, 'location': None, 'star_class': None, 'target': None, 'fighter_destroyed': False, 'shieldsup': True, 'under_attack': None, 'interdicted': False, 'no_dock_reason': None, 'mission_completed': 0, 'mission_redirected': 0, 'body': None, 'dist_jumped': 0, 'jumps_remains': 0, 'fuel_capacity': None, 'fuel_level': None, 'fuel_percent': 10, 'is_scooping': False, 'cur_star_system': '', 'cur_station': '', 'cur_station_type': '', 'cargo_capacity': None, 'ship_size': None, 'has_fuel_scoop': None, 'SupercruiseDestinationDrop_type': None, 'has_adv_dock_comp': None, 'has_std_dock_comp': None, 'has_sco_fsd': None, 'StationServices': None}
10:55:37.544 DEBUG    Journal*.log: read: 10 ship: {'time': 23, 'odyssey': True, 'status': 'in_space', 'type': 'panthermkii', 'location': None, 'star_class': None, 'target': None, 'fighter_destroyed': False, 'shieldsup': True, 'under_attack': None, 'interdicted': False, 'no_dock_reason': None, 'mission_completed': 0, 'mission_redirected': 0, 'body': None, 'dist_jumped': 0, 'jumps_remains': 0, 'fuel_capacity': 128.0, 'fuel_level': 128.0, 'fuel_percent': 100, 'is_scooping': False, 'cur_star_system': '', 'cur_station': '', 'cur_station_type': '', 'cargo_capacity': None, 'ship_size': 'L', 'has_fuel_scoop': None, 'SupercruiseDestinationDrop_type': None, 'has_adv_dock_comp': None, 'has_std_dock_comp': None, 'has_sco_fsd': None, 'StationServices': None}
10:55:37.545 DEBUG    Journal*.log: read: 14 ship: {'time': 23, 'odyssey': True, 'status': 'in_station', 'type': 'panthermkii', 'location': 'Alrai Sector HH-V b2-6', 'star_class': None, 'target': None, 'fighter_destroyed': False, 'shieldsup': True, 'under_attack': None, 'interdicted': False, 'no_dock_reason': None, 'mission_completed': 0, 'mission_redirected': 0, 'body': None, 'dist_jumped': 0, 'jumps_remains': 0, 'fuel_capacity': 128.0, 'fuel_level': 128.0, 'fuel_percent': 100, 'is_scooping': False, 'cur_star_system': 'Alrai Sector HH-V b2-6', 'cur_station': 'Remek Platform', 'cur_station_type': 'Orbis', 'cargo_capacity': None, 'ship_size': 'L', 'has_fuel_scoop': None, 'SupercruiseDestinationDrop_type': None, 'has_adv_dock_comp': None, 'has_std_dock_comp': None, 'has_sco_fsd': None, 'StationServices': None}
10:55:37.545 DEBUG    Journal*.log: read: 18 ship: {'time': 23, 'odyssey': True, 'status': 'in_station', 'type': 'panthermkii', 'location': 'Alrai Sector HH-V b2-6', 'star_class': None, 'target': None, 'fighter_destroyed': False, 'shieldsup': True, 'under_attack': None, 'interdicted': False, 'no_dock_reason': None, 'mission_completed': 0, 'mission_redirected': 0, 'body': None, 'dist_jumped': 0, 'jumps_remains': 0, 'fuel_capacity': 128.0, 'fuel_level': 128.0, 'fuel_percent': 100, 'is_scooping': False, 'cur_star_system': 'Alrai Sector HH-V b2-6', 'cur_station': 'Remek Platform', 'cur_station_type': 'Orbis', 'cargo_capacity': 1040, 'ship_size': 'L', 'has_fuel_scoop': True, 'SupercruiseDestinationDrop_type': None, 'has_adv_dock_comp': True, 'has_std_dock_comp': False, 'has_sco_fsd': True, 'StationServices': None}
10:55:37.546 INFO     Latest keybindings file:C:\Users\Vova\AppData\Local\Frontier Developments\Elite Dangerous\Options\Bindings\Avtopilot.4.2.binds
10:55:37.551 INFO     Latest keybindings file:C:\Users\Vova\AppData\Local\Frontier Developments\Elite Dangerous\Options\Bindings\Avtopilot.4.2.binds
10:55:37.560 INFO     	get_bindings_<YawLeftButton>={'key': 75, 'mods': []} Key: <Key_Numpad_4> Mod: < >
10:55:37.560 INFO     	get_bindings_<YawRightButton>={'key': 77, 'mods': []} Key: <Key_Numpad_6> Mod: < >
10:55:37.560 INFO     	get_bindings_<RollLeftButton>={'key': 71, 'mods': []} Key: <Key_Numpad_7> Mod: < >
10:55:37.560 INFO     	get_bindings_<RollRightButton>={'key': 73, 'mods': []} Key: <Key_Numpad_9> Mod: < >
10:55:37.560 INFO     	get_bindings_<PitchUpButton>={'key': 66, 'mods': []} Key: <Key_F8> Mod: < >
10:55:37.560 INFO     	get_bindings_<PitchDownButton>={'key': 65, 'mods': []} Key: <Key_F7> Mod: < >
10:55:37.560 INFO     	get_bindings_<SetSpeedZero>={'key': 45, 'mods': []} Key: <Key_X> Mod: < >
10:55:37.560 INFO     	get_bindings_<SetSpeed50>={'key': 45, 'mods': [29]} Key: <Key_X> Mod: <Key_LeftControl>
10:55:37.560 INFO     	get_bindings_<SetSpeed100>={'key': 45, 'mods': [42]} Key: <Key_X> Mod: <Key_LeftShift>
10:55:37.560 INFO     	get_bindings_<HyperSuperCombination>={'key': 35, 'mods': []} Key: <Key_H> Mod: < >
10:55:37.560 INFO     	get_bindings_<SelectTarget>={'key': 20, 'mods': []} Key: <Key_T> Mod: < >
10:55:37.560 INFO     	get_bindings_<DeployHeatSink>={'key': 47, 'mods': []} Key: <Key_V> Mod: < >
10:55:37.560 INFO     	get_bindings_<UIFocus>={'key': 64, 'mods': []} Key: <Key_F6> Mod: < >
10:55:37.560 INFO     	get_bindings_<UI_Up>={'key': 200, 'mods': []} Key: <Key_UpArrow> Mod: < >
10:55:37.561 INFO     	get_bindings_<UI_Down>={'key': 208, 'mods': []} Key: <Key_DownArrow> Mod: < >
10:55:37.561 INFO     	get_bindings_<UI_Left>={'key': 203, 'mods': []} Key: <Key_LeftArrow> Mod: < >
10:55:37.580 INFO     	get_bindings_<UI_Right>={'key': 205, 'mods': []} Key: <Key_RightArrow> Mod: < >
10:55:37.589 INFO     	get_bindings_<UI_Select>={'key': 28, 'mods': []} Key: <Key_Enter> Mod: < >
10:55:37.597 INFO     	get_bindings_<UI_Back>={'key': 12, 'mods': []} Key: <Key_Minus> Mod: < >
10:55:37.605 INFO     	get_bindings_<CycleNextPanel>={'key': 18, 'mods': []} Key: <Key_E> Mod: < >
10:55:37.605 INFO     	get_bindings_<HeadLookReset>={'key': 67, 'mods': []} Key: <Key_F9> Mod: < >
10:55:37.605 INFO     	get_bindings_<PrimaryFire>={'key': 2, 'mods': [29]} Key: <Key_1> Mod: <Key_LeftControl>
10:55:37.605 INFO     	get_bindings_<SecondaryFire>={'key': 3, 'mods': [29]} Key: <Key_2> Mod: <Key_LeftControl>
10:55:37.605 INFO     	get_bindings_<ExplorationFSSEnter>={'key': 40, 'mods': []} Key: <Key_Apostrophe> Mod: < >
10:55:37.605 INFO     	get_bindings_<ExplorationFSSQuit>={'key': 14, 'mods': []} Key: <Key_Backspace> Mod: < >
10:55:37.606 INFO     	get_bindings_<MouseReset>={'key': 76, 'mods': []} Key: <Key_Numpad_5> Mod: < >
10:55:37.606 INFO     	get_bindings_<DeployHardpointToggle>={'key': 22, 'mods': []} Key: <Key_U> Mod: < >
10:55:37.606 INFO     	get_bindings_<IncreaseEnginesPower>={'key': 6, 'mods': []} Key: <Key_5> Mod: < >
10:55:37.606 INFO     	get_bindings_<IncreaseWeaponsPower>={'key': 7, 'mods': []} Key: <Key_6> Mod: < >
10:55:37.606 INFO     	get_bindings_<IncreaseSystemsPower>={'key': 8, 'mods': []} Key: <Key_7> Mod: < >
10:55:37.606 INFO     	get_bindings_<GalaxyMapOpen>={'key': 51, 'mods': []} Key: <Key_Comma> Mod: < >
10:55:37.606 INFO     	get_bindings_<CamZoomIn>={'key': 44, 'mods': []} Key: <Key_Z> Mod: < >
10:55:37.606 INFO     	get_bindings_<SystemMapOpen>={'key': 52, 'mods': []} Key: <Key_Period> Mod: < >
10:55:37.606 INFO     	get_bindings_<UseBoostJuice>={'key': 15, 'mods': []} Key: <Key_Tab> Mod: < >
10:55:37.606 INFO     	get_bindings_<Supercruise>={'key': 37, 'mods': []} Key: <Key_K> Mod: < >
10:55:37.606 INFO     	get_bindings_<UpThrustButton>={'key': 19, 'mods': []} Key: <Key_R> Mod: < >
10:55:37.606 INFO     	get_bindings_<LandingGearToggle>={'key': 38, 'mods': []} Key: <Key_L> Mod: < >
10:55:37.606 INFO     	get_bindings_<TargetNextRouteSystem>={'key': 43, 'mods': []} Key: <Key_BackSlash> Mod: < >
10:55:37.607 INFO     	get_bindings_<CamTranslateForward>={'key': 26, 'mods': []} Key: <Key_LeftBracket> Mod: < >
10:55:37.607 INFO     	get_bindings_<CamTranslateRight>={'key': 27, 'mods': []} Key: <Key_RightBracket> Mod: < >
10:55:37.614 DEBUG    EDWayPoint: read json:{'GlobalShoppingList': {'SystemName': '', 'StationName': '', 'GalaxyBookmarkType': '', 'GalaxyBookmarkNumber': 0, 'SystemBookmarkType': '', 'SystemBookmarkNumber': 0, 'SellCommodities': {}, 'BuyCommodities': {'Indite': 0, 'Bertrandite': 999, 'Silver': 0, 'Gold': 0}, 'Comment': None, 'UpdateCommodityCount': True, 'FleetCarrierTransfer': False, 'Skip': True, 'Completed': False}, '1': {'SystemName': 'Orgen', 'StationName': 'Trailblazer Song', 'GalaxyBookmarkType': '', 'GalaxyBookmarkNumber': 0, 'SystemBookmarkType': 'Navigation Panel', 'SystemBookmarkNumber': 2, 'SellCommodities': {}, 'BuyCommodities': {}, 'Comment': None, 'UpdateCommodityCount': True, 'FleetCarrierTransfer': False, 'Skip': True, 'Completed': False}, '2': {'SystemName': 'Synuefe LO-G c27-25', 'StationName': 'Cat Colony', 'GalaxyBookmarkType': 'System', 'GalaxyBookmarkNumber': 3, 'SystemBookmarkType': '', 'SystemBookmarkNumber': 0, 'SellCommodities': {}, 'BuyCommodities': {}, 'Comment': None, 'UpdateCommodityCount': True, 'FleetCarrierTransfer': False, 'Skip': True, 'Completed': False}, '3': {'SystemName': 'Synuefe ZX-M b54-1', 'StationName': 'System Colonisation Ship', 'GalaxyBookmarkType': 'System', 'GalaxyBookmarkNumber': 1, 'SystemBookmarkType': '', 'SystemBookmarkNumber': 0, 'SellCommodities': {'ALL': 0}, 'BuyCommodities': {}, 'Comment': None, 'UpdateCommodityCount': True, 'FleetCarrierTransfer': False, 'Skip': True, 'Completed': False}, '4': {'SystemName': 'Lambda-1 Tucanae', 'StationName': 'Riess Hub', 'GalaxyBookmarkType': '', 'GalaxyBookmarkNumber': 0, 'SystemBookmarkType': 'Station', 'SystemBookmarkNumber': 1, 'SellCommodities': {'Water Purifiers': 9999}, 'BuyCommodities': {'Gold': 9999}, 'Comment': None, 'UpdateCommodityCount': False, 'FleetCarrierTransfer': False, 'Skip': True, 'Completed': False}, '5': {'SystemName': 'Mbutas', 'StationName': 'P.T.N. DARK SUN H6H-N8T', 'GalaxyBookmarkType': 'System', 'GalaxyBookmarkNumber': 3, 'SystemBookmarkType': '', 'SystemBookmarkNumber': 0, 'SellCommodities': {}, 'BuyCommodities': {}, 'Comment': 'Bertrandite', 'UpdateCommodityCount': False, 'FleetCarrierTransfer': False, 'Skip': True, 'Completed': False}, '6': {'SystemName': 'Mbutas', 'StationName': 'P.T.N. GHIBLI BOOKBOX GHB-BKB', 'GalaxyBookmarkType': 'System', 'GalaxyBookmarkNumber': 6, 'SystemBookmarkType': '', 'SystemBookmarkNumber': 0, 'SellCommodities': {}, 'BuyCommodities': {}, 'Comment': 'Gold', 'UpdateCommodityCount': False, 'FleetCarrierTransfer': False, 'Skip': True, 'Completed': False}, '7': {'SystemName': 'Mbutas', 'StationName': 'P.T.N. TAILS TFX-L3W', 'GalaxyBookmarkType': 'System', 'GalaxyBookmarkNumber': 10, 'SystemBookmarkType': '', 'SystemBookmarkNumber': 0, 'SellCommodities': {}, 'BuyCommodities': {}, 'Comment': 'Silver', 'UpdateCommodityCount': False, 'FleetCarrierTransfer': False, 'Skip': True, 'Completed': False}, '8': {'SystemName': 'Mbutas', 'StationName': 'P.T.N. THORONDOR TNT-95W', 'GalaxyBookmarkType': 'System', 'GalaxyBookmarkNumber': 11, 'SystemBookmarkType': '', 'SystemBookmarkNumber': 0, 'SellCommodities': {}, 'BuyCommodities': {}, 'Comment': 'Indite', 'UpdateCommodityCount': False, 'FleetCarrierTransfer': False, 'Skip': True, 'Completed': False}, '9': {'SystemName': 'Mbutas', 'StationName': 'P.T.N. CONSISTENCY G2H-N4Y', 'GalaxyBookmarkType': 'System', 'GalaxyBookmarkNumber': 4, 'SystemBookmarkType': '', 'SystemBookmarkNumber': 0, 'SellCommodities': {}, 'BuyCommodities': {}, 'Comment': 'Silver', 'UpdateCommodityCount': False, 'FleetCarrierTransfer': False, 'Skip': True, 'Completed': False}, '10': {'SystemName': 'Mbutas', 'StationName': 'P.T.N. PIT OF HERESY G1U-1TX', 'GalaxyBookmarkType': 'System', 'GalaxyBookmarkNumber': 9, 'SystemBookmarkType': '', 'SystemBookmarkNumber': 0, 'SellCommodities': {}, 'BuyCommodities': {}, 'Comment': 'Indite', 'UpdateCommodityCount': False, 'FleetCarrierTransfer': False, 'Skip': True, 'Completed': False}, '11': {'SystemName': 'Mbutas', 'StationName': 'P.T.N EVEREST T9K-5HQ', 'GalaxyBookmarkType': 'System', 'GalaxyBookmarkNumber': 2, 'SystemBookmarkType': '', 'SystemBookmarkNumber': 0, 'SellCommodities': {}, 'BuyCommodities': {}, 'Comment': 'Gold', 'UpdateCommodityCount': False, 'FleetCarrierTransfer': False, 'Skip': True, 'Completed': False}, '12': {'SystemName': 'Mbutas', 'StationName': 'P.T.N. BLOSSOM WBG-16Q', 'GalaxyBookmarkType': 'System', 'GalaxyBookmarkNumber': 0, 'SystemBookmarkType': '', 'SystemBookmarkNumber': 0, 'SellCommodities': {}, 'BuyCommodities': {}, 'Comment': 'Indite', 'UpdateCommodityCount': False, 'FleetCarrierTransfer': False, 'Skip': True, 'Completed': False}, '13': {'SystemName': 'Mbutas', 'StationName': 'P.T.N. HADES WNX-33Y', 'GalaxyBookmarkType': 'System', 'GalaxyBookmarkNumber': 7, 'SystemBookmarkType': '', 'SystemBookmarkNumber': 0, 'SellCommodities': {}, 'BuyCommodities': {}, 'Comment': None, 'UpdateCommodityCount': False, 'FleetCarrierTransfer': False, 'Skip': True, 'Completed': False}, '14': {'SystemName': 'Mbutas', 'StationName': 'P.T.N. OLYMPUS WBJ-N1Y', 'GalaxyBookmarkType': 'System', 'GalaxyBookmarkNumber': 8, 'SystemBookmarkType': '', 'SystemBookmarkNumber': 0, 'SellCommodities': {}, 'BuyCommodities': {}, 'Comment': 'Bertrandite', 'UpdateCommodityCount': False, 'FleetCarrierTransfer': False, 'Skip': True, 'Completed': False}, '15': {'SystemName': 'Mbutas', 'StationName': 'PTN ROSIES BAR GFT-N6V', 'GalaxyBookmarkType': 'System', 'GalaxyBookmarkNumber': 12, 'SystemBookmarkType': '', 'SystemBookmarkNumber': 0, 'SellCommodities': {}, 'BuyCommodities': {}, 'Comment': 'Gold', 'UpdateCommodityCount': False, 'FleetCarrierTransfer': False, 'Skip': True, 'Completed': False}, '16': {'SystemName': 'Mbutas', 'StationName': 'PTN WARDEN OF NOTHING (T7T-6VX)', 'GalaxyBookmarkType': 'System', 'GalaxyBookmarkNumber': 8, 'SystemBookmarkType': '', 'SystemBookmarkNumber': 0, 'SellCommodities': {}, 'BuyCommodities': {}, 'Comment': None, 'UpdateCommodityCount': False, 'FleetCarrierTransfer': False, 'Skip': True, 'Completed': False}, '17': {'SystemName': 'Mbutas', 'StationName': 'PTN THE LAVISH CHATEAU GFT-NXF', 'GalaxyBookmarkType': 'System', 'GalaxyBookmarkNumber': 13, 'SystemBookmarkType': '', 'SystemBookmarkNumber': 0, 'SellCommodities': {}, 'BuyCommodities': {}, 'Comment': 'Bertrandite', 'UpdateCommodityCount': False, 'FleetCarrierTransfer': False, 'Skip': False, 'Completed': False}, '18': {'SystemName': 'Mbutas', 'StationName': 'Burkin Orbital', 'GalaxyBookmarkType': '', 'GalaxyBookmarkNumber': 0, 'SystemBookmarkType': 'Station', 'SystemBookmarkNumber': 1, 'SellCommodities': {}, 'BuyCommodities': {}, 'Comment': None, 'UpdateCommodityCount': False, 'FleetCarrierTransfer': False, 'Skip': False, 'Completed': False}, '19': {'SystemName': 'Mbutas', 'StationName': 'Dalton', 'GalaxyBookmarkType': '', 'GalaxyBookmarkNumber': 0, 'SystemBookmarkType': 'Station', 'SystemBookmarkNumber': 2, 'SellCommodities': {}, 'BuyCommodities': {}, 'Comment': None, 'UpdateCommodityCount': False, 'FleetCarrierTransfer': False, 'Skip': True, 'Completed': False}, '20': {'SystemName': 'New System', 'StationName': '', 'GalaxyBookmarkType': '', 'GalaxyBookmarkNumber': 0, 'SystemBookmarkType': '', 'SystemBookmarkNumber': 0, 'SellCommodities': {}, 'BuyCommodities': {}, 'Comment': None, 'UpdateCommodityCount': False, 'FleetCarrierTransfer': False, 'Skip': False, 'Completed': False}}
10:55:37.672 INFO     Доступні голоси:
10:55:37.672 INFO     Доступні голоси:
10:55:37.672 INFO     Голос 0: Microsoft Zira Desktop - English (United States) (HKEY_LOCAL_MACHINE\SOFTWARE\Microsoft\Speech\Voices\Tokens\TTS_MS_EN-US_ZIRA_11.0)
10:55:37.672 INFO     Голос 0: Microsoft Zira Desktop - English (United States) (HKEY_LOCAL_MACHINE\SOFTWARE\Microsoft\Speech\Voices\Tokens\TTS_MS_EN-US_ZIRA_11.0)
10:55:37.672 INFO     Голос 1: Natalia (HKEY_LOCAL_MACHINE\SOFTWARE\Microsoft\Speech\Voices\TokenEnums\RHVoice\Natalia)
10:55:37.672 INFO     Голос 1: Natalia (HKEY_LOCAL_MACHINE\SOFTWARE\Microsoft\Speech\Voices\TokenEnums\RHVoice\Natalia)
10:55:37.672 INFO     Голос 2: Volodymyr (HKEY_LOCAL_MACHINE\SOFTWARE\Microsoft\Speech\Voices\TokenEnums\RHVoice\Volodymyr)
10:55:37.672 INFO     Голос 2: Volodymyr (HKEY_LOCAL_MACHINE\SOFTWARE\Microsoft\Speech\Voices\TokenEnums\RHVoice\Volodymyr)
10:55:37.694 INFO     Запуск ED Autopilot V1.7.0.
10:55:37.698 DEBUG    Found 3 total voice options
10:55:37.699 DEBUG    Voice option: {'id': 0, 'name': 'Microsoft Zira Desktop - English (United States)', 'languages': [], 'label': '0: Microsoft Zira Desktop - English (United States)'}
10:55:37.699 DEBUG    Voice option: {'id': 1, 'name': 'Natalia', 'languages': [], 'label': '1: Natalia'}
10:55:37.699 DEBUG    Voice option: {'id': 2, 'name': 'Volodymyr', 'languages': [], 'label': '2: Volodymyr'}
10:55:37.699 DEBUG    Loaded 3 voice options
10:55:37.699 DEBUG    Voice initialization: voice_id_from_config=2
10:55:37.700 DEBUG    Setting voice selection: requested_id=2, available_options=3
10:55:37.700 DEBUG    Found matching voice: 2: Volodymyr
10:55:37.700 DEBUG    Voice already selected, skipping auto-selection
10:55:37.733 DEBUG    Voice controls state: has_voices=True, voice_options_count=3, state=readonly
10:55:37.733 DEBUG    Voice combo values: ['0: Microsoft Zira Desktop - English (United States)', '1: Natalia', '2: Volodymyr']
10:55:37.866 INFO     Завантажено файл маршрутів: F:/AIAUTOPILOT/waypoints/exemle_RU_repeat_route.json.
10:55:37.866 INFO     Завантажено файл маршрутів: F:/AIAUTOPILOT/waypoints/exemle_RU_repeat_route.json.
10:55:37.866 DEBUG    EDWayPoint: read json:{'GlobalShoppingList': {'SystemName': '', 'StationName': '', 'GalaxyBookmarkType': '', 'GalaxyBookmarkNumber': 0, 'SystemBookmarkType': '', 'SystemBookmarkNumber': 0, 'SellCommodities': {}, 'BuyCommodities': {}, 'Comment': None, 'UpdateCommodityCount': False, 'FleetCarrierTransfer': False, 'Skip': True, 'Completed': False}, '1': {'SystemName': 'Alrai Sector HH-V b2-6', 'StationName': 'Remek Platform', 'GalaxyBookmarkType': '', 'GalaxyBookmarkNumber': 0, 'SystemBookmarkType': 'Station', 'SystemBookmarkNumber': 1, 'SellCommodities': {'БокситСистемы обогащения почвы': 9999}, 'BuyCommodities': {'Боксит': 9999}, 'Comment': None, 'UpdateCommodityCount': False, 'FleetCarrierTransfer': False, 'Skip': False, 'Completed': True}, '2': {'SystemName': 'Jonai', 'StationName': 'Pribylov Port', 'GalaxyBookmarkType': '', 'GalaxyBookmarkNumber': 0, 'SystemBookmarkType': 'Station', 'SystemBookmarkNumber': 1, 'SellCommodities': {'Боксит': 9999}, 'BuyCommodities': {'Системы обогащения почвы': 9999}, 'Comment': None, 'UpdateCommodityCount': False, 'FleetCarrierTransfer': False, 'Skip': False, 'Completed': False}, '3': {'SystemName': 'REPEAT', 'StationName': '', 'GalaxyBookmarkType': '', 'GalaxyBookmarkNumber': 0, 'SystemBookmarkType': '', 'SystemBookmarkNumber': 0, 'SellCommodities': {}, 'BuyCommodities': {}, 'Comment': None, 'UpdateCommodityCount': False, 'FleetCarrierTransfer': False, 'Skip': False, 'Completed': False}}
10:55:37.866 INFO     Автоматично завантажено waypoint файл: F:/AIAUTOPILOT/waypoints/exemle_RU_repeat_route.json
10:55:37.867 INFO     ED Autopilot успішно завантажено.
10:55:38.746 INFO     Ласкаво просимо на борт Panther Clipper Mk II.
10:55:38.749 INFO     Ласкаво просимо на борт Panther Clipper Mk II.
10:55:38.764 INFO     Завантажено вашу користувацьку конфігурацію panthermkii з ship_configs.json.
10:55:38.765 INFO     Завантажено вашу користувацьку конфігурацію panthermkii з ship_configs.json.
10:55:51.920 DEBUG    Entered: start_waypoint
10:55:51.921 INFO     Старт асистента маршрутних точок
10:55:52.296 DEBUG    Running waypoint_assist
10:55:52.317 INFO     Файл маршрутів: exemle_RU_repeat_route.json.
10:55:52.322 INFO     Файл маршрутів: exemle_RU_repeat_route.json.
10:55:52.322 INFO     Зведення маршрутів для exemle_RU_repeat_route.json:
10:55:52.323 INFO     Зведення маршрутів для exemle_RU_repeat_route.json:
10:55:52.323 INFO     1: Alrai Sector HH-V b2-6 / Remek Platform | Пропуск: False | Виконано: True
10:55:52.324 INFO     1: Alrai Sector HH-V b2-6 / Remek Platform | Пропуск: False | Виконано: True
10:55:52.325 INFO     2: Jonai / Pribylov Port | Пропуск: False | Виконано: False
10:55:52.325 INFO     2: Jonai / Pribylov Port | Пропуск: False | Виконано: False
10:55:52.325 INFO     3: REPEAT /  | Пропуск: False | Виконано: False
10:55:52.326 INFO     3: REPEAT /  | Пропуск: False | Виконано: False
10:55:52.347 INFO     Наступний маршрут: PRIBYLOV PORT у JONAI.
10:55:52.351 INFO     Наступний маршрут: PRIBYLOV PORT у JONAI.
10:55:52.351 INFO     Наводимо систему JONAI.
10:55:52.355 INFO     Наводимо систему JONAI.
10:55:52.355 DEBUG    Відкриваю карту галактики.
10:55:52.356 DEBUG    	send=UI_Back,key:{'key': 12, 'mods': []},key_name:Key_Minus,hold:None,repeat:1,repeat_delay:None,state:None
10:55:52.659 DEBUG    	send=UI_Back,key:{'key': 12, 'mods': []},key_name:Key_Minus,hold:None,repeat:1,repeat_delay:None,state:None
10:55:52.961 DEBUG    	send=GalaxyMapOpen,key:{'key': 51, 'mods': []},key_name:Key_Comma,hold:None,repeat:1,repeat_delay:None,state:None
10:55:53.732 DEBUG    Region OCR raw='['ш']' normalized='ш' target='CARTOGRAPHICS' normalized_target='саrтоgrарнiсs'
10:55:53.732 DEBUG    Did not find 'CARTOGRAPHICS' text in item text '['ш']'.
10:55:54.040 DEBUG    Region OCR raw='None' normalized='' target='CARTOGRAPHICS' normalized_target='саrтоgrарнiсs'
10:55:54.040 DEBUG    Did not find 'CARTOGRAPHICS' text in item text 'None'.
10:55:54.345 DEBUG    Region OCR raw='None' normalized='' target='CARTOGRAPHICS' normalized_target='саrтоgrарнiсs'
10:55:54.345 DEBUG    Did not find 'CARTOGRAPHICS' text in item text 'None'.
10:55:54.982 DEBUG    Region OCR raw='['n Nv e Is a.', 'SARTOGRAPHICS', '2', 'Nоя', 'зз', 'Antanyana!', 'т']' normalized='n nv е is а sаrтоgrарнiсs nоя зз аnтаnуаnа т' target='CARTOGRAPHICS' normalized_target='саrтоgrарнiсs'
10:55:54.982 DEBUG    Did not find 'CARTOGRAPHICS' text in item text '['n Nv e Is a.', 'SARTOGRAPHICS', '2', 'Nоя', 'зз', 'Antanyana!', 'т']'.
10:55:55.677 DEBUG    Region OCR raw='['nNy e Is a', '8:555', 'SARTOGRAPHICS', '21Noя', '3з', 'Antanyamai', 'Co', '285', 'Sector', 'RO-r', 'b19-6']' normalized='nnу е is а sаrтоgrарнiсs nоя зз аnтаnуамаi со sестоr rо r в б' target='CARTOGRAPHICS' normalized_target='саrтоgrарнiсs'
10:55:55.677 DEBUG    Did not find 'CARTOGRAPHICS' text in item text '['nNy e Is a', '8:555', 'SARTOGRAPHICS', '21Noя', '3з', 'Antanyamai', 'Co', '285', 'Sector', 'RO-r', 'b19-6']'.
10:55:56.284 DEBUG    Region OCR raw='['nNy e Is a', '8:55', 'SARTOGRAPHICS', '21Noя', '3з', 'Antanyamai', 'Co', 'Ro-r', 'b19-6']' normalized='nnу е is а sаrтоgrарнiсs nоя зз аnтаnуамаi со rо r в б' target='CARTOGRAPHICS' normalized_target='саrтоgrарнiсs'
10:55:56.284 DEBUG    Did not find 'CARTOGRAPHICS' text in item text '['nNy e Is a', '8:55', 'SARTOGRAPHICS', '21Noя', '3з', 'Antanyamai', 'Co', 'Ro-r', 'b19-6']'.
10:55:56.935 DEBUG    Region OCR raw='['nNy e Is a', '8:555:', 'SARTOGRAPHICS', '2', 'Nоя', '3з', 'Antanyamai', 'Co', '285', 'Sector', 'RO-r', 'b19-6']' normalized='nnу е is а sаrтоgrарнiсs nоя зз аnтаnуамаi со sестоr rо r в б' target='CARTOGRAPHICS' normalized_target='саrтоgrарнiсs'
10:55:56.935 DEBUG    Did not find 'CARTOGRAPHICS' text in item text '['nNy e Is a', '8:555:', 'SARTOGRAPHICS', '2', 'Nоя', '3з', 'Antanyamai', 'Co', '285', 'Sector', 'RO-r', 'b19-6']'.
10:55:57.579 DEBUG    Region OCR raw='['nNy e Is a', '8:555:', 'SARTOGRAPHICS', '2', 'Nоя', '3з', 'Antanyamai', 'Co', 'RO-r', 'b19-6']' normalized='nnу е is а sаrтоgrарнiсs nоя зз аnтаnуамаi со rо r в б' target='CARTOGRAPHICS' normalized_target='саrтоgrарнiсs'
10:55:57.579 DEBUG    Did not find 'CARTOGRAPHICS' text in item text '['nNy e Is a', '8:555:', 'SARTOGRAPHICS', '2', 'Nоя', '3з', 'Antanyamai', 'Co', 'RO-r', 'b19-6']'.
10:55:58.110 DEBUG    Region OCR raw='['nNy e Is a', '8:555', 'SARTOGRAPHICS', '21Noя', '3з', 'Antanyamai', 'Co', 'RO-r', 'b19-6']' normalized='nnу е is а sаrтоgrарнiсs nоя зз аnтаnуамаi со rо r в б' target='CARTOGRAPHICS' normalized_target='саrтоgrарнiсs'
10:55:58.110 DEBUG    Did not find 'CARTOGRAPHICS' text in item text '['nNy e Is a', '8:555', 'SARTOGRAPHICS', '21Noя', '3з', 'Antanyamai', 'Co', 'RO-r', 'b19-6']'.
10:55:58.642 DEBUG    Region OCR raw='['nNy e Is a', '8:555', 'SARTOGRAPHICS', '21Noя', '3з', 'Antanyamai', 'Co', 'Ro-r', 'b19-6']' normalized='nnу е is а sаrтоgrарнiсs nоя зз аnтаnуамаi со rо r в б' target='CARTOGRAPHICS' normalized_target='саrтоgrарнiсs'
10:55:58.642 DEBUG    Did not find 'CARTOGRAPHICS' text in item text '['nNy e Is a', '8:555', 'SARTOGRAPHICS', '21Noя', '3з', 'Antanyamai', 'Co', 'Ro-r', 'b19-6']'.
10:55:59.177 DEBUG    Region OCR raw='['nNy e Is a', '8:56:0о', 'SARTOGRAPHICS', '21Nоя', '3з', 'Antanyamai', 'Co', 'Ro-r', 'b19-6']' normalized='nnу е is а боо sаrтоgrарнiсs nоя зз аnтаnуамаi со rо r в б' target='CARTOGRAPHICS' normalized_target='саrтоgrарнiсs'
10:55:59.177 DEBUG    Did not find 'CARTOGRAPHICS' text in item text '['nNy e Is a', '8:56:0о', 'SARTOGRAPHICS', '21Nоя', '3з', 'Antanyamai', 'Co', 'Ro-r', 'b19-6']'.
10:55:59.710 DEBUG    Region OCR raw='['nNy e Is a', '8:56:0о', 'SARTOGRAPHICS', '21Nоя', 'зз', 'Antanyamai', 'Co', 'Ro-r', 'b19-6']' normalized='nnу е is а боо sаrтоgrарнiсs nоя зз аnтаnуамаi со rо r в б' target='CARTOGRAPHICS' normalized_target='саrтоgrарнiсs'
10:55:59.711 DEBUG    Did not find 'CARTOGRAPHICS' text in item text '['nNy e Is a', '8:56:0о', 'SARTOGRAPHICS', '21Nоя', 'зз', 'Antanyamai', 'Co', 'Ro-r', 'b19-6']'.
10:56:00.249 DEBUG    Region OCR raw='['nNy e Is a', '8:56:0', 'SARTOGRAPHICS', '21Noя', 'зз', 'Antanyamai', 'т', 'Co', 'Ro-r', 'b19-6']' normalized='nnу е is а бо sаrтоgrарнiсs nоя зз аnтаnуамаi т со rо r в б' target='CARTOGRAPHICS' normalized_target='саrтоgrарнiсs'
10:56:00.250 DEBUG    Did not find 'CARTOGRAPHICS' text in item text '['nNy e Is a', '8:56:0', 'SARTOGRAPHICS', '21Noя', 'зз', 'Antanyamai', 'т', 'Co', 'Ro-r', 'b19-6']'.
10:56:00.791 DEBUG    Region OCR raw='['nNy e Is a', '8:56:0?', 'SARTOGRAPHICS', '21Noя', 'зз', 'Antanyamai', 'т', 'Co', 'Ro-r', 'b19-6']' normalized='nnу е is а бо sаrтоgrарнiсs nоя зз аnтаnуамаi т со rо r в б' target='CARTOGRAPHICS' normalized_target='саrтоgrарнiсs'
10:56:00.791 DEBUG    Did not find 'CARTOGRAPHICS' text in item text '['nNy e Is a', '8:56:0?', 'SARTOGRAPHICS', '21Noя', 'зз', 'Antanyamai', 'т', 'Co', 'Ro-r', 'b19-6']'.
10:56:01.335 DEBUG    Region OCR raw='['nNy e Is a', '8:56:0?', 'SARTOGRAPHICS', '21Noя', 'зз', 'Antanyama', 'т', 'Co', 'Ro-r', 'b19-6']' normalized='nnу е is а бо sаrтоgrарнiсs nоя зз аnтаnуама т со rо r в б' target='CARTOGRAPHICS' normalized_target='саrтоgrарнiсs'
10:56:01.335 DEBUG    Did not find 'CARTOGRAPHICS' text in item text '['nNy e Is a', '8:56:0?', 'SARTOGRAPHICS', '21Noя', 'зз', 'Antanyama', 'т', 'Co', 'Ro-r', 'b19-6']'.
10:56:01.874 DEBUG    Region OCR raw='['nNy e Is a', '8:56:03', 'SARTOGRAPHICS', '21Noя', 'зз', 'Antanyamai', 'т', 'Co', 'Ro-r', 'b19-6']' normalized='nnу е is а боз sаrтоgrарнiсs nоя зз аnтаnуамаi т со rо r в б' target='CARTOGRAPHICS' normalized_target='саrтоgrарнiсs'
10:56:01.874 DEBUG    Did not find 'CARTOGRAPHICS' text in item text '['nNy e Is a', '8:56:03', 'SARTOGRAPHICS', '21Noя', 'зз', 'Antanyamai', 'т', 'Co', 'Ro-r', 'b19-6']'.
10:56:02.411 DEBUG    Region OCR raw='['nNy e Is a', '8:56:03', 'SARTOGRAPHICS', '21Noя', 'зз', 'Antanyama!', 'т', 'Co', 'Ro-r', 'b19-6']' normalized='nnу е is а боз sаrтоgrарнiсs nоя зз аnтаnуама т со rо r в б' target='CARTOGRAPHICS' normalized_target='саrтоgrарнiсs'
10:56:02.411 DEBUG    Did not find 'CARTOGRAPHICS' text in item text '['nNy e Is a', '8:56:03', 'SARTOGRAPHICS', '21Noя', 'зз', 'Antanyama!', 'т', 'Co', 'Ro-r', 'b19-6']'.
10:56:03.071 DEBUG    Region OCR raw='['nNy e Is a', '8:56:0', 'SARTOGRAPHICS', '21Noя', 'зз', 'Antanyamai', 'т', 'Co', '285', 'Sector', 'Ro-r', 'b19-6']' normalized='nnу е is а бо sаrтоgrарнiсs nоя зз аnтаnуамаi т со sестоr rо r в б' target='CARTOGRAPHICS' normalized_target='саrтоgrарнiсs'
10:56:03.071 DEBUG    Did not find 'CARTOGRAPHICS' text in item text '['nNy e Is a', '8:56:0', 'SARTOGRAPHICS', '21Noя', 'зз', 'Antanyamai', 'т', 'Co', '285', 'Sector', 'Ro-r', 'b19-6']'.
10:56:03.674 DEBUG    Region OCR raw='['nNy e Is a', '8:56:0', 'SARTOGRAPHICS', '21Noя', 'зз', 'Antanyama', 'т', 'Co', '285', 'Sector', 'Ro-r', 'b19-6']' normalized='nnу е is а бо sаrтоgrарнiсs nоя зз аnтаnуама т со sестоr rо r в б' target='CARTOGRAPHICS' normalized_target='саrтоgrарнiсs'
10:56:03.674 DEBUG    Did not find 'CARTOGRAPHICS' text in item text '['nNy e Is a', '8:56:0', 'SARTOGRAPHICS', '21Noя', 'зз', 'Antanyama', 'т', 'Co', '285', 'Sector', 'Ro-r', 'b19-6']'.
10:56:04.272 DEBUG    Region OCR raw='['nNy e Is a', '8:56:о5', 'SARTOGRAPHICS', '21Noя', 'зз', 'Antanyama', 'т', 'Co', '285', 'Sector', 'Ro-r', 'b19-6']' normalized='nnу е is а бо sаrтоgrарнiсs nоя зз аnтаnуама т со sестоr rо r в б' target='CARTOGRAPHICS' normalized_target='саrтоgrарнiсs'
10:56:04.272 DEBUG    Did not find 'CARTOGRAPHICS' text in item text '['nNy e Is a', '8:56:о5', 'SARTOGRAPHICS', '21Noя', 'зз', 'Antanyama', 'т', 'Co', '285', 'Sector', 'Ro-r', 'b19-6']'.
10:56:04.860 DEBUG    Region OCR raw='['nNy e Is a', '8:56:0', 'SARTOGRAPHICS', '21Noя', 'зз', 'Antanyama', 'т', 'Co', '285', 'Sector', 'Ro-r', 'b19-6']' normalized='nnу е is а бо sаrтоgrарнiсs nоя зз аnтаnуама т со sестоr rо r в б' target='CARTOGRAPHICS' normalized_target='саrтоgrарнiсs'
10:56:04.860 DEBUG    Did not find 'CARTOGRAPHICS' text in item text '['nNy e Is a', '8:56:0', 'SARTOGRAPHICS', '21Noя', 'зз', 'Antanyama', 'т', 'Co', '285', 'Sector', 'Ro-r', 'b19-6']'.
10:56:05.459 DEBUG    Region OCR raw='['nNy e Is a', '8:56:0', 'SARTOGRAPHICS', '21Noя', 'зз', 'Antanyamai', 'т', 'Co', '285', 'Sector', 'Ro-r', 'b19-6']' normalized='nnу е is а бо sаrтоgrарнiсs nоя зз аnтаnуамаi т со sестоr rо r в б' target='CARTOGRAPHICS' normalized_target='саrтоgrарнiсs'
10:56:05.459 DEBUG    Did not find 'CARTOGRAPHICS' text in item text '['nNy e Is a', '8:56:0', 'SARTOGRAPHICS', '21Noя', 'зз', 'Antanyamai', 'т', 'Co', '285', 'Sector', 'Ro-r', 'b19-6']'.
10:56:06.039 DEBUG    Region OCR raw='['nNy e Is a', '8:56:о', 'SARTOGRAPHICS', '21Noя', 'зз', 'Antanyamai', 'т', 'Co', '285', 'Sector', 'Ro-r', 'b19-6']' normalized='nnу е is а бо sаrтоgrарнiсs nоя зз аnтаnуамаi т со sестоr rо r в б' target='CARTOGRAPHICS' normalized_target='саrтоgrарнiсs'
10:56:06.039 DEBUG    Did not find 'CARTOGRAPHICS' text in item text '['nNy e Is a', '8:56:о', 'SARTOGRAPHICS', '21Noя', 'зз', 'Antanyamai', 'т', 'Co', '285', 'Sector', 'Ro-r', 'b19-6']'.
10:56:06.622 DEBUG    Region OCR raw='['nNy e Is a', '8:56:о', 'SARTOGRAPHICS', '21Noя', 'зз', 'Antanyamai', 'т', 'Co', '285', 'Sector', 'Ro-r', 'b19-6']' normalized='nnу е is а бо sаrтоgrарнiсs nоя зз аnтаnуамаi т со sестоr rо r в б' target='CARTOGRAPHICS' normalized_target='саrтоgrарнiсs'
10:56:06.622 DEBUG    Did not find 'CARTOGRAPHICS' text in item text '['nNy e Is a', '8:56:о', 'SARTOGRAPHICS', '21Noя', 'зз', 'Antanyamai', 'т', 'Co', '285', 'Sector', 'Ro-r', 'b19-6']'.
10:56:07.508 DEBUG    Region OCR raw='['n Nv e Is a', '8:56:08', 'SARTOGRAPHICS', '2', 'Nоя', 'EDAutopilot V1.70', 'иЕф', 'оедка', 'олоена', 'Hалаштуваннд', 'Biдладка', 'Tеtт', 'РЕЖИМ', 'Мершрут', 'Аеистент', 'пеp-kpeйс', 'Aсиcтеhт', 'маршр', 'хин', 'Яоh']' normalized='n nv е is а бо sаrтоgrарнiсs nоя еdаиторilот vо иеф оедка олоена налаштуваннд вiдладка тетт режим мершрут аеистент пер крейс асистент маршр хин яон' target='CARTOGRAPHICS' normalized_target='саrтоgrарнiсs'
10:56:07.508 DEBUG    Did not find 'CARTOGRAPHICS' text in item text '['n Nv e Is a', '8:56:08', 'SARTOGRAPHICS', '2', 'Nоя', 'EDAutopilot V1.70', 'иЕф', 'оедка', 'олоена', 'Hалаштуваннд', 'Biдладка', 'Tеtт', 'РЕЖИМ', 'Мершрут', 'Аеистент', 'пеp-kpeйс', 'Aсиcтеhт', 'маршр', 'хин', 'Яоh']'.
10:56:08.335 DEBUG    Region OCR raw='['n Nv e Is a', '8:56:0', 'SARTOGRAPHICS', '2', 'Nоя', '3з', 'EDAutopilot V1.70', 'файл', 'оедка', 'олоена', 'Hалаштуваннд', 'Biдладка', 'Tеtт', 'PEЖИМ', 'Мершрут', 'Аеистент', 'пеp-kpeйс', 'Aсиcтеhт', 'маршр', 'хин', 'Яоh']' normalized='n nv е is а бо sаrтоgrарнiсs nоя зз еdаиторilот vо файл оедка олоена налаштуваннд вiдладка тетт режим мершрут аеистент пер крейс асистент маршр хин яон' target='CARTOGRAPHICS' normalized_target='саrтоgrарнiсs'
10:56:08.335 DEBUG    Did not find 'CARTOGRAPHICS' text in item text '['n Nv e Is a', '8:56:0', 'SARTOGRAPHICS', '2', 'Nоя', '3з', 'EDAutopilot V1.70', 'файл', 'оедка', 'олоена', 'Hалаштуваннд', 'Biдладка', 'Tеtт', 'PEЖИМ', 'Мершрут', 'Аеистент', 'пеp-kpeйс', 'Aсиcтеhт', 'маршр', 'хин', 'Яоh']'.
10:56:09.169 DEBUG    Region OCR raw='['n Nv e Is a', '8:56:10', 'SARTOGRAPHICS', '2', 'Nоя', '3з', 'EDAutopilot V1.70', 'файл', 'оедка', 'олоена', 'Hалаштуваннд', 'Biдладка', 'Tеtт', 'PEЖИМ', 'Мершрут', 'Аеистент', 'пеp-kpeйс', 'Aсиcтеhт', 'маршр', 'хин', 'Яоh']' normalized='n nv е is а бо sаrтоgrарнiсs nоя зз еdаиторilот vо файл оедка олоена налаштуваннд вiдладка тетт режим мершрут аеистент пер крейс асистент маршр хин яон' target='CARTOGRAPHICS' normalized_target='саrтоgrарнiсs'
10:56:09.169 DEBUG    Did not find 'CARTOGRAPHICS' text in item text '['n Nv e Is a', '8:56:10', 'SARTOGRAPHICS', '2', 'Nоя', '3з', 'EDAutopilot V1.70', 'файл', 'оедка', 'олоена', 'Hалаштуваннд', 'Biдладка', 'Tеtт', 'PEЖИМ', 'Мершрут', 'Аеистент', 'пеp-kpeйс', 'Aсиcтеhт', 'маршр', 'хин', 'Яоh']'.
10:56:09.990 DEBUG    Region OCR raw='['n Nv e Is a', '8:56:10', 'SARTOGRAPHICS', '21Noя', '3з', 'EDAutopilot Vi.T70', 'Lеф', 'оедка', 'олоена', 'Hалаштуваннд', 'Biдладка', 'Tеtт', 'PEЖИМ', 'Мершрут', 'Aеистент', 'пеp-kpейс', 'Aсиcтеhт', 'маршр', 'хин', 'Яоh']' normalized='n nv е is а бо sаrтоgrарнiсs nоя зз еdаиторilот viто lеф оедка олоена налаштуваннд вiдладка тетт режим мершрут аеистент пер крейс асистент маршр хин яон' target='CARTOGRAPHICS' normalized_target='саrтоgrарнiсs'
10:56:09.990 DEBUG    Did not find 'CARTOGRAPHICS' text in item text '['n Nv e Is a', '8:56:10', 'SARTOGRAPHICS', '21Noя', '3з', 'EDAutopilot Vi.T70', 'Lеф', 'оедка', 'олоена', 'Hалаштуваннд', 'Biдладка', 'Tеtт', 'PEЖИМ', 'Мершрут', 'Aеистент', 'пеp-kpейс', 'Aсиcтеhт', 'маршр', 'хин', 'Яоh']'.
10:56:10.886 DEBUG    Region OCR raw='['nNye rs a.', '8:56:', 'SARTOGRAPHICS', '21Noя', '3з', 'EDAutopilot V.70', 'Lеф', 'оедка', 'олоена', 'Hалаштуваннд', 'Biдладка', 'Tеtт', 'РЕЖИМ', 'Мершрут', 'Aеистент', 'пеp-kpейс', 'Aсиcтеhт', 'маршр', 'хин', 'Яоh']' normalized='nnуе rs а б sаrтоgrарнiсs nоя зз еdаиторilот vо lеф оедка олоена налаштуваннд вiдладка тетт режим мершрут аеистент пер крейс асистент маршр хин яон' target='CARTOGRAPHICS' normalized_target='саrтоgrарнiсs'
10:56:10.886 DEBUG    Did not find 'CARTOGRAPHICS' text in item text '['nNye rs a.', '8:56:', 'SARTOGRAPHICS', '21Noя', '3з', 'EDAutopilot V.70', 'Lеф', 'оедка', 'олоена', 'Hалаштуваннд', 'Biдладка', 'Tеtт', 'РЕЖИМ', 'Мершрут', 'Aеистент', 'пеp-kpейс', 'Aсиcтеhт', 'маршр', 'хин', 'Яоh']'.
10:56:11.767 DEBUG    Region OCR raw='['n Nv e Is a', '8:56.12', 'SARTOGRAPHICS', '21Nоя', '3з', 'EDAutopilot V1.70', 'файл', 'оедка', 'олоена', 'Hалаштуваннд', 'Biдладка', 'Tеtт', 'РЕЖИМ', 'Мершрут', 'Aеистент', 'пеp-kpейс', 'Aсиcтеhт', 'маршр', 'хин', 'Яоh']' normalized='n nv е is а б sаrтоgrарнiсs nоя зз еdаиторilот vо файл оедка олоена налаштуваннд вiдладка тетт режим мершрут аеистент пер крейс асистент маршр хин яон' target='CARTOGRAPHICS' normalized_target='саrтоgrарнiсs'
10:56:11.767 DEBUG    Did not find 'CARTOGRAPHICS' text in item text '['n Nv e Is a', '8:56.12', 'SARTOGRAPHICS', '21Nоя', '3з', 'EDAutopilot V1.70', 'файл', 'оедка', 'олоена', 'Hалаштуваннд', 'Biдладка', 'Tеtт', 'РЕЖИМ', 'Мершрут', 'Aеистент', 'пеp-kpейс', 'Aсиcтеhт', 'маршр', 'хин', 'Яоh']'.
10:56:12.321 DEBUG    check_cb: Calling stop_waypoint()
10:56:12.321 DEBUG    Entered: stop_waypoint
10:56:12.321 DEBUG    Caught stop exception
10:56:12.321 INFO     Зупинка асистента маршрутних точок
10:56:12.321 DEBUG    Detected 'waypoint_stop' callback msg
10:56:12.322 INFO     Оновлення статусу: Очікування
10:56:12.328 DEBUG    check_cb: Waypoint checkbox is 0 but WP_A_running is False - already stopped
10:56:23.536 DEBUG    Entered: start_waypoint
10:56:23.536 INFO     Старт асистента маршрутних точок
10:56:23.775 DEBUG    Running waypoint_assist
10:56:23.793 INFO     Файл маршрутів: exemle_RU_repeat_route.json.
10:56:23.813 INFO     Файл маршрутів: exemle_RU_repeat_route.json.
10:56:23.813 INFO     Зведення маршрутів для exemle_RU_repeat_route.json:
10:56:23.819 INFO     Зведення маршрутів для exemle_RU_repeat_route.json:
10:56:23.820 INFO     1: Alrai Sector HH-V b2-6 / Remek Platform | Пропуск: False | Виконано: True
10:56:23.825 INFO     1: Alrai Sector HH-V b2-6 / Remek Platform | Пропуск: False | Виконано: True
10:56:23.825 INFO     2: Jonai / Pribylov Port | Пропуск: False | Виконано: False
10:56:23.830 INFO     2: Jonai / Pribylov Port | Пропуск: False | Виконано: False
10:56:23.830 INFO     3: REPEAT /  | Пропуск: False | Виконано: False
10:56:23.835 INFO     3: REPEAT /  | Пропуск: False | Виконано: False
10:56:23.849 INFO     Наступний маршрут: PRIBYLOV PORT у JONAI.
10:56:23.850 INFO     Наступний маршрут: PRIBYLOV PORT у JONAI.
10:56:23.850 INFO     Наводимо систему JONAI.
10:56:23.852 INFO     Наводимо систему JONAI.
10:56:23.852 DEBUG    Відкриваю карту галактики.
10:56:23.853 DEBUG    	send=GalaxyMapOpen,key:{'key': 51, 'mods': []},key_name:Key_Comma,hold:None,repeat:1,repeat_delay:None,state:None
10:56:24.344 DEBUG    Region OCR raw='None' normalized='' target='CARTOGRAPHICS' normalized_target='саrтоgrарнiсs'
10:56:24.344 DEBUG    Did not find 'CARTOGRAPHICS' text in item text 'None'.
10:56:24.702 DEBUG    Region OCR raw='None' normalized='' target='CARTOGRAPHICS' normalized_target='саrтоgrарнiсs'
10:56:24.702 DEBUG    Did not find 'CARTOGRAPHICS' text in item text 'None'.
10:56:25.014 DEBUG    Region OCR raw='None' normalized='' target='CARTOGRAPHICS' normalized_target='саrтоgrарнiсs'
10:56:25.014 DEBUG    Did not find 'CARTOGRAPHICS' text in item text 'None'.
10:56:25.319 DEBUG    Region OCR raw='None' normalized='' target='CARTOGRAPHICS' normalized_target='саrтоgrарнiсs'
10:56:25.320 DEBUG    Did not find 'CARTOGRAPHICS' text in item text 'None'.
10:56:25.863 DEBUG    Region OCR raw='['nNye Is a', '8:56:', 'SARTOGRAPHICS', '2', 'Nоя', '3з', 'т']' normalized='nnуе is а б sаrтоgrарнiсs nоя зз т' target='CARTOGRAPHICS' normalized_target='саrтоgrарнiсs'
10:56:25.863 DEBUG    Did not find 'CARTOGRAPHICS' text in item text '['nNye Is a', '8:56:', 'SARTOGRAPHICS', '2', 'Nоя', '3з', 'т']'.
10:56:26.460 DEBUG    Region OCR raw='['nNy e Is a', '8:56:7', 'SARTOGRAPHICS', '21Nоя', '3з', 'Antanyamai', 'т', 'Co', '285', 'Sector', 'Ro-r', 'b19-6']' normalized='nnу е is а б sаrтоgrарнiсs nоя зз аnтаnуамаi т со sестоr rо r в б' target='CARTOGRAPHICS' normalized_target='саrтоgrарнiсs'
10:56:26.462 DEBUG    Did not find 'CARTOGRAPHICS' text in item text '['nNy e Is a', '8:56:7', 'SARTOGRAPHICS', '21Nоя', '3з', 'Antanyamai', 'т', 'Co', '285', 'Sector', 'Ro-r', 'b19-6']'.
10:56:27.047 DEBUG    Region OCR raw='['nNy e Is a', '8:56::', 'SARTOGRAPHICS', '21Noя', '3з', 'Antanyamai', 'Co', '285', 'Sector', 'Ro-r', 'b19-6']' normalized='nnу е is а б sаrтоgrарнiсs nоя зз аnтаnуамаi со sестоr rо r в б' target='CARTOGRAPHICS' normalized_target='саrтоgrарнiсs'
10:56:27.047 DEBUG    Did not find 'CARTOGRAPHICS' text in item text '['nNy e Is a', '8:56::', 'SARTOGRAPHICS', '21Noя', '3з', 'Antanyamai', 'Co', '285', 'Sector', 'Ro-r', 'b19-6']'.
10:56:27.633 DEBUG    Region OCR raw='['nNy e Is a', '8:56::', 'SARTOGRAPHICS', '21Noя', '3з', 'Antanyamai', 'Co', '285', 'Sector', 'RO-r', 'b19-6']' normalized='nnу е is а б sаrтоgrарнiсs nоя зз аnтаnуамаi со sестоr rо r в б' target='CARTOGRAPHICS' normalized_target='саrтоgrарнiсs'
10:56:27.633 DEBUG    Did not find 'CARTOGRAPHICS' text in item text '['nNy e Is a', '8:56::', 'SARTOGRAPHICS', '21Noя', '3з', 'Antanyamai', 'Co', '285', 'Sector', 'RO-r', 'b19-6']'.
10:56:28.272 DEBUG    Region OCR raw='['nNy e Is a', '8:56:9', 'SARTOGRAPHICS', '2', 'Nоя', '3з', 'Antanyamai', 'Co', '285', 'Sector', 'RO-r', 'b19-6']' normalized='nnу е is а б sаrтоgrарнiсs nоя зз аnтаnуамаi со sестоr rо r в б' target='CARTOGRAPHICS' normalized_target='саrтоgrарнiсs'
10:56:28.272 DEBUG    Did not find 'CARTOGRAPHICS' text in item text '['nNy e Is a', '8:56:9', 'SARTOGRAPHICS', '2', 'Nоя', '3з', 'Antanyamai', 'Co', '285', 'Sector', 'RO-r', 'b19-6']'.
10:56:28.862 DEBUG    Region OCR raw='['nNy e Is a', '8:56:3о', 'SARTOGRAPHICS', '2', 'Nоя', '3з', 'Antanyamai', 'Co', 'RO-r', 'b19-6']' normalized='nnу е is а бзо sаrтоgrарнiсs nоя зз аnтаnуамаi со rо r в б' target='CARTOGRAPHICS' normalized_target='саrтоgrарнiсs'
10:56:28.862 DEBUG    Did not find 'CARTOGRAPHICS' text in item text '['nNy e Is a', '8:56:3о', 'SARTOGRAPHICS', '2', 'Nоя', '3з', 'Antanyamai', 'Co', 'RO-r', 'b19-6']'.
10:56:29.479 DEBUG    Region OCR raw='['nNy e Is a', '8:56:3о', 'SARTOGRAPHICS', '21Noя', '3з', 'Antanyamai', 'Co', 'Ro-r', 'b19-6']' normalized='nnу е is а бзо sаrтоgrарнiсs nоя зз аnтаnуамаi со rо r в б' target='CARTOGRAPHICS' normalized_target='саrтоgrарнiсs'
10:56:29.479 DEBUG    Did not find 'CARTOGRAPHICS' text in item text '['nNy e Is a', '8:56:3о', 'SARTOGRAPHICS', '21Noя', '3з', 'Antanyamai', 'Co', 'Ro-r', 'b19-6']'.
10:56:30.015 DEBUG    Region OCR raw='['nNy e Is a', '8:56:3', 'SARTOGRAPHICS', '21Noя', '3з', 'Antanyamai', 'Co', 'Ro-r', 'b19-6']' normalized='nnу е is а бз sаrтоgrарнiсs nоя зз аnтаnуамаi со rо r в б' target='CARTOGRAPHICS' normalized_target='саrтоgrарнiсs'
10:56:30.015 DEBUG    Did not find 'CARTOGRAPHICS' text in item text '['nNy e Is a', '8:56:3', 'SARTOGRAPHICS', '21Noя', '3з', 'Antanyamai', 'Co', 'Ro-r', 'b19-6']'.
10:56:30.545 DEBUG    Region OCR raw='['nNy e Is a', '8:56:3', 'SARTOGRAPHICS', '21Noя', '3з', 'Antanyamai', 'Co', 'Ro-r', 'b19-6']' normalized='nnу е is а бз sаrтоgrарнiсs nоя зз аnтаnуамаi со rо r в б' target='CARTOGRAPHICS' normalized_target='саrтоgrарнiсs'
10:56:30.545 DEBUG    Did not find 'CARTOGRAPHICS' text in item text '['nNy e Is a', '8:56:3', 'SARTOGRAPHICS', '21Noя', '3з', 'Antanyamai', 'Co', 'Ro-r', 'b19-6']'.
10:56:31.078 DEBUG    Region OCR raw='['nNy e Is a', '8:56:3:', 'SARTOGRAPHICS', '21Noя', '3з', 'Antanyamai', 'т', 'Co', 'Ro-r', 'b19-6']' normalized='nnу е is а бз sаrтоgrарнiсs nоя зз аnтаnуамаi т со rо r в б' target='CARTOGRAPHICS' normalized_target='саrтоgrарнiсs'
10:56:31.078 DEBUG    Did not find 'CARTOGRAPHICS' text in item text '['nNy e Is a', '8:56:3:', 'SARTOGRAPHICS', '21Noя', '3з', 'Antanyamai', 'т', 'Co', 'Ro-r', 'b19-6']'.
10:56:31.610 DEBUG    Region OCR raw='['nNy e Is a', '8:56:3:', 'SARTOGRAPHICS', '21Noя', 'зз', 'Antanyama', 'т', 'Co', 'Ro-r', 'b19-6']' normalized='nnу е is а бз sаrтоgrарнiсs nоя зз аnтаnуама т со rо r в б' target='CARTOGRAPHICS' normalized_target='саrтоgrарнiсs'
10:56:31.610 DEBUG    Did not find 'CARTOGRAPHICS' text in item text '['nNy e Is a', '8:56:3:', 'SARTOGRAPHICS', '21Noя', 'зз', 'Antanyama', 'т', 'Co', 'Ro-r', 'b19-6']'.
10:56:32.145 DEBUG    Region OCR raw='['nNy e Is a', '8:56:3:', 'SARTOGRAPHICS', '21Noя', '3з', 'Antanyama', 'т', 'Co', 'Ro-r', 'b19-6']' normalized='nnу е is а бз sаrтоgrарнiсs nоя зз аnтаnуама т со rо r в б' target='CARTOGRAPHICS' normalized_target='саrтоgrарнiсs'
10:56:32.145 DEBUG    Did not find 'CARTOGRAPHICS' text in item text '['nNy e Is a', '8:56:3:', 'SARTOGRAPHICS', '21Noя', '3з', 'Antanyama', 'т', 'Co', 'Ro-r', 'b19-6']'.
10:56:32.682 DEBUG    Region OCR raw='['nNy e Is a', '8:56:3:', 'SARTOGRAPHICS', '21Noя', '3з', 'Antanyamai', 'т', 'Co', 'Ro-r', 'b19-6']' normalized='nnу е is а бз sаrтоgrарнiсs nоя зз аnтаnуамаi т со rо r в б' target='CARTOGRAPHICS' normalized_target='саrтоgrарнiсs'
10:56:32.682 DEBUG    Did not find 'CARTOGRAPHICS' text in item text '['nNy e Is a', '8:56:3:', 'SARTOGRAPHICS', '21Noя', '3з', 'Antanyamai', 'т', 'Co', 'Ro-r', 'b19-6']'.
10:56:33.217 DEBUG    Region OCR raw='['nNy e Is a', '8:56:34', 'SARTOGRAPHICS', '21Noя', 'зз', 'Antanyama!', 'т', 'Co', 'Ro-r', 'b19-6']' normalized='nnу е is а бзч sаrтоgrарнiсs nоя зз аnтаnуама т со rо r в б' target='CARTOGRAPHICS' normalized_target='саrтоgrарнiсs'
10:56:33.217 DEBUG    Did not find 'CARTOGRAPHICS' text in item text '['nNy e Is a', '8:56:34', 'SARTOGRAPHICS', '21Noя', 'зз', 'Antanyama!', 'т', 'Co', 'Ro-r', 'b19-6']'.
10:56:33.744 DEBUG    Region OCR raw='['nNy e Is a', '8:56:3:', 'SARTOGRAPHICS', '21Noя', '3з', 'Antanyama', 'т', 'Co', 'Ro-r', 'b19-6']' normalized='nnу е is а бз sаrтоgrарнiсs nоя зз аnтаnуама т со rо r в б' target='CARTOGRAPHICS' normalized_target='саrтоgrарнiсs'
10:56:33.744 DEBUG    Did not find 'CARTOGRAPHICS' text in item text '['nNy e Is a', '8:56:3:', 'SARTOGRAPHICS', '21Noя', '3з', 'Antanyama', 'т', 'Co', 'Ro-r', 'b19-6']'.
10:56:34.279 DEBUG    Region OCR raw='['nNy e Is a', '8:56:3:', 'SARTOGRAPHICS', '21Noя', '3з', 'Antanyama', 'т', 'Co', 'Ro-r', 'b19-6']' normalized='nnу е is а бз sаrтоgrарнiсs nоя зз аnтаnуама т со rо r в б' target='CARTOGRAPHICS' normalized_target='саrтоgrарнiсs'
10:56:34.279 DEBUG    Did not find 'CARTOGRAPHICS' text in item text '['nNy e Is a', '8:56:3:', 'SARTOGRAPHICS', '21Noя', '3з', 'Antanyama', 'т', 'Co', 'Ro-r', 'b19-6']'.
10:56:34.931 DEBUG    Region OCR raw='['n ye Is a', '8:56:3', 'SARTOGRAPHICS', '2', 'Nоя', '3з', 'Antanyamai', 'т', 'Col', '285 Seсtоr', 'Ro-r.', 'b19-6']' normalized='n уе is а бз sаrтоgrарнiсs nоя зз аnтаnуамаi т соl sестоr rо r в б' target='CARTOGRAPHICS' normalized_target='саrтоgrарнiсs'
10:56:34.932 DEBUG    Did not find 'CARTOGRAPHICS' text in item text '['n ye Is a', '8:56:3', 'SARTOGRAPHICS', '2', 'Nоя', '3з', 'Antanyamai', 'т', 'Col', '285 Seсtоr', 'Ro-r.', 'b19-6']'.
10:56:35.628 DEBUG    Region OCR raw='['niy er s a!', '8:56:3', 'CARTOGRAPHICS', '2', 'оя', 'Antanyama', 'Co!', '285', 'Sector', 'RO-r', 'b19-6']' normalized='niу еr s а бз саrтоgrарнiсs оя аnтаnуама со sестоr rо r в б' target='CARTOGRAPHICS' normalized_target='саrтоgrарнiсs'
10:56:35.628 DEBUG    Found 'CARTOGRAPHICS' text in item text '['niy er s a!', '8:56:3', 'CARTOGRAPHICS', '2', 'оя', 'Antanyama', 'Co!', '285', 'Sector', 'RO-r', 'b19-6']'.
10:56:37.629 DEBUG    	send=UI_Up,key:{'key': 200, 'mods': []},key_name:Key_UpArrow,hold:None,repeat:1,repeat_delay:None,state:None
10:56:37.934 DEBUG    	send=UI_Up,key:{'key': 200, 'mods': []},key_name:Key_UpArrow,hold:None,repeat:1,repeat_delay:None,state:None
10:56:38.286 DEBUG    	send=UI_Select,key:{'key': 28, 'mods': []},key_name:Key_Enter,hold:None,repeat:1,repeat_delay:None,state:None
10:56:38.639 DEBUG    Route input: sending ASCII system name 'JONAI' (layout independent).
10:56:39.946 DEBUG    Введено назву системи: JONAI.
10:56:40.099 DEBUG    	send=UI_Down,key:{'key': 208, 'mods': []},key_name:Key_DownArrow,hold:None,repeat:1,repeat_delay:None,state:None
10:56:40.451 DEBUG    	send=UI_Up,key:{'key': 200, 'mods': []},key_name:Key_UpArrow,hold:None,repeat:1,repeat_delay:None,state:None
10:56:40.803 DEBUG    	send=UI_Right,key:{'key': 205, 'mods': []},key_name:Key_RightArrow,hold:None,repeat:1,repeat_delay:None,state:None
10:56:41.155 DEBUG    Попередня ціль маршруту: .
10:56:41.155 DEBUG    	send=UI_Select,key:{'key': 28, 'mods': []},key_name:Key_Enter,hold:None,repeat:1,repeat_delay:None,state:None
10:56:41.957 DEBUG    	send=CamZoomIn,key:{'key': 44, 'mods': []},key_name:Key_Z,hold:None,repeat:1,repeat_delay:None,state:None
10:56:42.309 DEBUG    	send=UI_Select,key:{'key': 28, 'mods': []},key_name:Key_Enter,hold:0.75,repeat:1,repeat_delay:None,state:None
10:56:43.211 DEBUG    Очікування оновлення маршруту.
10:56:46.214 DEBUG    check_cb: Calling stop_waypoint()
10:56:46.214 DEBUG    Entered: stop_waypoint
10:56:46.214 DEBUG    Caught stop exception
10:56:46.214 INFO     Зупинка асистента маршрутних точок
10:56:46.215 DEBUG    Detected 'waypoint_stop' callback msg
10:56:46.215 INFO     Оновлення статусу: Очікування
10:56:46.216 DEBUG    check_cb: Waypoint checkbox is 0 but WP_A_running is False - already stopped
10:56:53.607 INFO     Завантажено файл маршрутів: F:/AIAUTOPILOT/waypoints/exemle_RU_repeat_route.json.
10:56:53.608 INFO     Завантажено файл маршрутів: F:/AIAUTOPILOT/waypoints/exemle_RU_repeat_route.json.
10:56:53.608 DEBUG    EDWayPoint: read json:{'GlobalShoppingList': {'SystemName': '', 'StationName': '', 'GalaxyBookmarkType': '', 'GalaxyBookmarkNumber': 0, 'SystemBookmarkType': '', 'SystemBookmarkNumber': 0, 'SellCommodities': {}, 'BuyCommodities': {}, 'Comment': None, 'UpdateCommodityCount': False, 'FleetCarrierTransfer': False, 'Skip': True, 'Completed': False}, '1': {'SystemName': 'Alrai Sector HH-V b2-6', 'StationName': 'Remek Platform', 'GalaxyBookmarkType': '', 'GalaxyBookmarkNumber': 0, 'SystemBookmarkType': 'Station', 'SystemBookmarkNumber': 1, 'SellCommodities': {'БокситСистемы обогащения почвы': 9999}, 'BuyCommodities': {'Боксит': 9999}, 'Comment': None, 'UpdateCommodityCount': False, 'FleetCarrierTransfer': False, 'Skip': False, 'Completed': True}, '2': {'SystemName': 'Jonai', 'StationName': 'Pribylov Port', 'GalaxyBookmarkType': '', 'GalaxyBookmarkNumber': 0, 'SystemBookmarkType': 'Station', 'SystemBookmarkNumber': 1, 'SellCommodities': {'Боксит': 9999}, 'BuyCommodities': {'Системы обогащения почвы': 9999}, 'Comment': None, 'UpdateCommodityCount': False, 'FleetCarrierTransfer': False, 'Skip': False, 'Completed': False}, '3': {'SystemName': 'REPEAT', 'StationName': '', 'GalaxyBookmarkType': '', 'GalaxyBookmarkNumber': 0, 'SystemBookmarkType': '', 'SystemBookmarkNumber': 0, 'SellCommodities': {}, 'BuyCommodities': {}, 'Comment': None, 'UpdateCommodityCount': False, 'FleetCarrierTransfer': False, 'Skip': False, 'Completed': False}}
10:56:53.608 DEBUG    Збережено шлях до waypoint файлу: F:/AIAUTOPILOT/waypoints/exemle_RU_repeat_route.json
10:56:54.383 DEBUG    Entered: start_waypoint
10:56:54.384 INFO     Старт асистента маршрутних точок
10:56:54.531 DEBUG    Running waypoint_assist
10:56:54.550 INFO     Файл маршрутів: exemle_RU_repeat_route.json.
10:56:54.566 INFO     Файл маршрутів: exemle_RU_repeat_route.json.
10:56:54.566 INFO     Зведення маршрутів для exemle_RU_repeat_route.json:
10:56:54.573 INFO     Зведення маршрутів для exemle_RU_repeat_route.json:
10:56:54.573 INFO     1: Alrai Sector HH-V b2-6 / Remek Platform | Пропуск: False | Виконано: True
10:56:54.580 INFO     1: Alrai Sector HH-V b2-6 / Remek Platform | Пропуск: False | Виконано: True
10:56:54.582 INFO     2: Jonai / Pribylov Port | Пропуск: False | Виконано: False
10:56:54.585 INFO     2: Jonai / Pribylov Port | Пропуск: False | Виконано: False
10:56:54.585 INFO     3: REPEAT /  | Пропуск: False | Виконано: False
10:56:54.587 INFO     3: REPEAT /  | Пропуск: False | Виконано: False
10:56:54.605 INFO     Наступний маршрут: PRIBYLOV PORT у JONAI.
10:56:54.608 INFO     Наступний маршрут: PRIBYLOV PORT у JONAI.
10:56:54.608 INFO     Наводимо систему JONAI.
10:56:54.611 INFO     Наводимо систему JONAI.
10:56:54.612 DEBUG    Відкриваю карту галактики.
10:56:54.612 DEBUG    	send=GalaxyMapOpen,key:{'key': 51, 'mods': []},key_name:Key_Comma,hold:None,repeat:1,repeat_delay:None,state:None
10:56:55.071 DEBUG    Region OCR raw='['ш']' normalized='ш' target='CARTOGRAPHICS' normalized_target='саrтоgrарнiсs'
10:56:55.071 DEBUG    Did not find 'CARTOGRAPHICS' text in item text '['ш']'.
10:56:55.408 DEBUG    Region OCR raw='['ш']' normalized='ш' target='CARTOGRAPHICS' normalized_target='саrтоgrарнiсs'
10:56:55.410 DEBUG    Did not find 'CARTOGRAPHICS' text in item text '['ш']'.
10:56:55.721 DEBUG    Region OCR raw='None' normalized='' target='CARTOGRAPHICS' normalized_target='саrтоgrарнiсs'
10:56:55.721 DEBUG    Did not find 'CARTOGRAPHICS' text in item text 'None'.
10:56:56.030 DEBUG    Region OCR raw='None' normalized='' target='CARTOGRAPHICS' normalized_target='саrтоgrарнiсs'
10:56:56.030 DEBUG    Did not find 'CARTOGRAPHICS' text in item text 'None'.
10:56:56.576 DEBUG    Region OCR raw='['nNyeIs a.', '8:565', 'SARTOGRAPHICS', '21Noя', '3з', 'taryame', 'т']' normalized='nnуеis а б sаrтоgrарнiсs nоя зз таrуаме т' target='CARTOGRAPHICS' normalized_target='саrтоgrарнiсs'
10:56:56.576 DEBUG    Did not find 'CARTOGRAPHICS' text in item text '['nNyeIs a.', '8:565', 'SARTOGRAPHICS', '21Noя', '3з', 'taryame', 'т']'.
10:56:57.230 DEBUG    Region OCR raw='['nNy e Is a', '8:565:', 'SARTOGRAPHICS', '21Noя', '3з', 'Antanyamai', 'Co', '285', 'Sector', 'Ro-r', 'b19-6']' normalized='nnу е is а б sаrтоgrарнiсs nоя зз аnтаnуамаi со sестоr rо r в б' target='CARTOGRAPHICS' normalized_target='саrтоgrарнiсs'
10:56:57.230 DEBUG    Did not find 'CARTOGRAPHICS' text in item text '['nNy e Is a', '8:565:', 'SARTOGRAPHICS', '21Noя', '3з', 'Antanyamai', 'Co', '285', 'Sector', 'Ro-r', 'b19-6']'.
10:56:57.880 DEBUG    Region OCR raw='['nNy e Is a', '8:5ь5', 'SARTOGRAPHICS', '21Noя', '3з', 'Antanyamai', 'Co', '285', 'Sector', 'Ro-r', 'b19-6']' normalized='nnу е is а ь sаrтоgrарнiсs nоя зз аnтаnуамаi со sестоr rо r в б' target='CARTOGRAPHICS' normalized_target='саrтоgrарнiсs'
10:56:57.880 DEBUG    Did not find 'CARTOGRAPHICS' text in item text '['nNy e Is a', '8:5ь5', 'SARTOGRAPHICS', '21Noя', '3з', 'Antanyamai', 'Co', '285', 'Sector', 'Ro-r', 'b19-6']'.
10:56:58.484 DEBUG    Region OCR raw='['nNy e Is a', '8:565', 'SARTOGRAPHICS', '2', 'Nоя', '3з', 'Antanyamai', 'Co', '285', 'Sector', 'RO-r', 'b19-6']' normalized='nnу е is а б sаrтоgrарнiсs nоя зз аnтаnуамаi со sестоr rо r в б' target='CARTOGRAPHICS' normalized_target='саrтоgrарнiсs'
10:56:58.484 DEBUG    Did not find 'CARTOGRAPHICS' text in item text '['nNy e Is a', '8:565', 'SARTOGRAPHICS', '2', 'Nоя', '3з', 'Antanyamai', 'Co', '285', 'Sector', 'RO-r', 'b19-6']'.
10:56:59.060 DEBUG    Region OCR raw='['nNy e Is a', '8:57оо', 'SARTOGRAPHICS', '21Noя', '3з', 'Antanyamai', 'Co', '285', 'Sector', 'RO-r', 'b19-6']' normalized='nnу е is а оо sаrтоgrарнiсs nоя зз аnтаnуамаi со sестоr rо r в б' target='CARTOGRAPHICS' normalized_target='саrтоgrарнiсs'
10:56:59.060 DEBUG    Did not find 'CARTOGRAPHICS' text in item text '['nNy e Is a', '8:57оо', 'SARTOGRAPHICS', '21Noя', '3з', 'Antanyamai', 'Co', '285', 'Sector', 'RO-r', 'b19-6']'.
10:56:59.598 DEBUG    Region OCR raw='['nNy e Is a', '8:5:оо', 'SARTOGRAPHICS', '21Noя', '3з', 'Antanyamai', 'Co', 'RO-r', 'b19-6']' normalized='nnу е is а оо sаrтоgrарнiсs nоя зз аnтаnуамаi со rо r в б' target='CARTOGRAPHICS' normalized_target='саrтоgrарнiсs'
10:56:59.598 DEBUG    Did not find 'CARTOGRAPHICS' text in item text '['nNy e Is a', '8:5:оо', 'SARTOGRAPHICS', '21Noя', '3з', 'Antanyamai', 'Co', 'RO-r', 'b19-6']'.
10:57:00.138 DEBUG    Region OCR raw='['nNy e Is a', '8:5:0', 'SARTOGRAPHICS', '21Noя', 'зз', 'Antanyamai', 'Co', 'Ro-r', 'b19-6']' normalized='nnу е is а о sаrтоgrарнiсs nоя зз аnтаnуамаi со rо r в б' target='CARTOGRAPHICS' normalized_target='саrтоgrарнiсs'
10:57:00.138 DEBUG    Did not find 'CARTOGRAPHICS' text in item text '['nNy e Is a', '8:5:0', 'SARTOGRAPHICS', '21Noя', 'зз', 'Antanyamai', 'Co', 'Ro-r', 'b19-6']'.
10:57:00.678 DEBUG    Region OCR raw='['nNy e Is a', '8:5:0', 'SARTOGRAPHICS', '21Nоя', 'зз', 'Antanyamai', 'Co', 'Ro-r', 'b19-6']' normalized='nnу е is а о sаrтоgrарнiсs nоя зз аnтаnуамаi со rо r в б' target='CARTOGRAPHICS' normalized_target='саrтоgrарнiсs'
10:57:00.680 DEBUG    Did not find 'CARTOGRAPHICS' text in item text '['nNy e Is a', '8:5:0', 'SARTOGRAPHICS', '21Nоя', 'зз', 'Antanyamai', 'Co', 'Ro-r', 'b19-6']'.
10:57:01.225 DEBUG    Region OCR raw='['nNy e Is a', '8:5702', 'SARTOGRAPHICS', '21Noя', '3з', 'Antanyamai', 'Co', 'Ro-r', 'b19-6']' normalized='nnу е is а о sаrтоgrарнiсs nоя зз аnтаnуамаi со rо r в б' target='CARTOGRAPHICS' normalized_target='саrтоgrарнiсs'
10:57:01.225 DEBUG    Did not find 'CARTOGRAPHICS' text in item text '['nNy e Is a', '8:5702', 'SARTOGRAPHICS', '21Noя', '3з', 'Antanyamai', 'Co', 'Ro-r', 'b19-6']'.
10:57:01.768 DEBUG    Region OCR raw='['nNy e Is a', '8:5:03', 'SARTOGRAPHICS', '21Noя', '3з', 'Antanyamai', 'т', 'Co', 'Ro-r', 'b19-6']' normalized='nnу е is а оз sаrтоgrарнiсs nоя зз аnтаnуамаi т со rо r в б' target='CARTOGRAPHICS' normalized_target='саrтоgrарнiсs'
10:57:01.768 DEBUG    Did not find 'CARTOGRAPHICS' text in item text '['nNy e Is a', '8:5:03', 'SARTOGRAPHICS', '21Noя', '3з', 'Antanyamai', 'т', 'Co', 'Ro-r', 'b19-6']'.
10:57:02.314 DEBUG    Region OCR raw='['nNy e Is a', '8:5:03', 'SARTOGRAPHICS', '21Noя', 'зз', 'Antanyama', 'т', 'Co', 'Ro-r', 'b19-6']' normalized='nnу е is а оз sаrтоgrарнiсs nоя зз аnтаnуама т со rо r в б' target='CARTOGRAPHICS' normalized_target='саrтоgrарнiсs'
10:57:02.315 DEBUG    Did not find 'CARTOGRAPHICS' text in item text '['nNy e Is a', '8:5:03', 'SARTOGRAPHICS', '21Noя', 'зз', 'Antanyama', 'т', 'Co', 'Ro-r', 'b19-6']'.
10:57:02.869 DEBUG    Region OCR raw='['nNy e Is a', '8:5:04', 'SARTOGRAPHICS', '21Noя', '3з', 'Antanyama', 'т', 'Co', 'Ro-r', 'b19-6']' normalized='nnу е is а оч sаrтоgrарнiсs nоя зз аnтаnуама т со rо r в б' target='CARTOGRAPHICS' normalized_target='саrтоgrарнiсs'
10:57:02.869 DEBUG    Did not find 'CARTOGRAPHICS' text in item text '['nNy e Is a', '8:5:04', 'SARTOGRAPHICS', '21Noя', '3з', 'Antanyama', 'т', 'Co', 'Ro-r', 'b19-6']'.
10:57:03.412 DEBUG    Region OCR raw='['nNy e Is a', '8:5:04', 'SARTOGRAPHICS', '21Noя', '3з', 'Antanyamai', 'т', 'Co', 'Ro-r', 'b19-6']' normalized='nnу е is а оч sаrтоgrарнiсs nоя зз аnтаnуамаi т со rо r в б' target='CARTOGRAPHICS' normalized_target='саrтоgrарнiсs'
10:57:03.412 DEBUG    Did not find 'CARTOGRAPHICS' text in item text '['nNy e Is a', '8:5:04', 'SARTOGRAPHICS', '21Noя', '3з', 'Antanyamai', 'т', 'Co', 'Ro-r', 'b19-6']'.
10:57:03.874 DEBUG    Region OCR raw='['ш', 'o..']' normalized='ш о' target='CARTOGRAPHICS' normalized_target='саrтоgrарнiсs'
10:57:03.874 DEBUG    Did not find 'CARTOGRAPHICS' text in item text '['ш', 'o..']'.
10:57:04.356 DEBUG    Region OCR raw='['ш', 'N..']' normalized='ш n' target='CARTOGRAPHICS' normalized_target='саrтоgrарнiсs'
10:57:04.356 DEBUG    Did not find 'CARTOGRAPHICS' text in item text '['ш', 'N..']'.
10:57:04.823 DEBUG    Region OCR raw='['O.']' normalized='о' target='CARTOGRAPHICS' normalized_target='саrтоgrарнiсs'
10:57:04.823 DEBUG    Did not find 'CARTOGRAPHICS' text in item text '['O.']'.
10:57:05.214 DEBUG    Region OCR raw='['O.']' normalized='о' target='CARTOGRAPHICS' normalized_target='саrтоgrарнiсs'
10:57:05.214 DEBUG    Did not find 'CARTOGRAPHICS' text in item text '['O.']'.
10:57:05.589 DEBUG    Region OCR raw='['н', 'O.']' normalized='н о' target='CARTOGRAPHICS' normalized_target='саrтоgrарнiсs'
10:57:05.589 DEBUG    Did not find 'CARTOGRAPHICS' text in item text '['н', 'O.']'.
10:57:05.966 DEBUG    Region OCR raw='['н', 'O.', 'е']' normalized='н о е' target='CARTOGRAPHICS' normalized_target='саrтоgrарнiсs'
10:57:05.966 DEBUG    Did not find 'CARTOGRAPHICS' text in item text '['н', 'O.', 'е']'.
10:57:06.360 DEBUG    Region OCR raw='['ш', 'O.', 'е']' normalized='ш о е' target='CARTOGRAPHICS' normalized_target='саrтоgrарнiсs'
10:57:06.360 DEBUG    Did not find 'CARTOGRAPHICS' text in item text '['ш', 'O.', 'е']'.
