12:38:15.610 INFO     Reading ED graphics display settings from 'C:\Users\Vova\AppData\Local\Frontier Developments\Elite Dangerous\Options\Graphics\DisplaySettings.xml'.
12:38:15.611 INFO     Reading ED graphics settings from 'C:\Users\Vova\AppData\Local\Frontier Developments\Elite Dangerous\Options\Graphics\Settings.xml'.
12:38:15.612 DEBUG    Elite Dangerous Display Config 'ScreenWidth': 2560.
12:38:15.612 DEBUG    Elite Dangerous Display Config 'ScreenHeight': 1440.
12:38:15.612 DEBUG    Elite Dangerous Display Config 'Fullscreen': Borderless.
12:38:15.612 DEBUG    Elite Dangerous Display Config 'Monitor': 0.
12:38:15.622 DEBUG    Elite Dangerous Graphics Options 'FOV': 56.249001.
12:38:15.624 DEBUG    Found Elite Dangerous window position: (0, 0, 2560, 1440)
12:38:15.624 DEBUG    Found monitor 1 with details: {'left': 0, 'top': 0, 'width': 2560, 'height': 1440}
12:38:15.624 DEBUG    Elite Dangerous is on monitor 1.
12:38:15.625 DEBUG    read json:{'1024x768': [0.39, 0.39], '1080x1080': [0.5, 0.5], '1280x800': [0.48, 0.48], '1280x1024': [0.5, 0.5], '1600x900': [0.6, 0.6], '1920x1080': [0.75, 0.75], '1920x1200': [0.73, 0.73], '1920x1440': [0.8, 0.8], '2560x1080': [0.75, 0.75], '2560x1440': [1.0, 1.0], '3440x1440': [1.0, 1.0], '3840 x 2160': [1.52, 1.52], 'Calibrated': [-1.0, -1.0]}
12:38:15.625 DEBUG    screen size: 2560 1440
12:38:15.625 DEBUG    Default scale X, Y: 1.0, 1.0
12:38:16.876 INFO     Opening new Journal: C:\Users\Vova\Saved Games\Frontier Developments\Elite Dangerous\Journal.2025-11-21T103924.01.log
12:38:16.898 DEBUG    Journal*.log: read: 1 ship: {'time': 3744, 'odyssey': True, 'status': 'in_space', 'type': None, 'location': None, 'star_class': None, 'target': None, 'fighter_destroyed': False, 'shieldsup': True, 'under_attack': None, 'interdicted': False, 'no_dock_reason': None, 'mission_completed': 0, 'mission_redirected': 0, 'body': None, 'dist_jumped': 0, 'jumps_remains': 0, 'fuel_capacity': None, 'fuel_level': None, 'fuel_percent': 10, 'is_scooping': False, 'cur_star_system': '', 'cur_station': '', 'cur_station_type': '', 'cargo_capacity': None, 'ship_size': None, 'has_fuel_scoop': None, 'SupercruiseDestinationDrop_type': None, 'has_adv_dock_comp': None, 'has_std_dock_comp': None, 'has_sco_fsd': None, 'StationServices': None}
12:38:16.898 DEBUG    Journal*.log: read: 10 ship: {'time': 3744, 'odyssey': True, 'status': 'in_space', 'type': 'panthermkii', 'location': None, 'star_class': None, 'target': None, 'fighter_destroyed': False, 'shieldsup': True, 'under_attack': None, 'interdicted': False, 'no_dock_reason': None, 'mission_completed': 0, 'mission_redirected': 0, 'body': None, 'dist_jumped': 0, 'jumps_remains': 0, 'fuel_capacity': 128.0, 'fuel_level': 128.0, 'fuel_percent': 100, 'is_scooping': False, 'cur_star_system': '', 'cur_station': '', 'cur_station_type': '', 'cargo_capacity': None, 'ship_size': 'L', 'has_fuel_scoop': None, 'SupercruiseDestinationDrop_type': None, 'has_adv_dock_comp': None, 'has_std_dock_comp': None, 'has_sco_fsd': None, 'StationServices': None}
12:38:16.899 DEBUG    Journal*.log: read: 14 ship: {'time': 3744, 'odyssey': True, 'status': 'in_station', 'type': 'panthermkii', 'location': 'Alrai Sector HH-V b2-6', 'star_class': None, 'target': None, 'fighter_destroyed': False, 'shieldsup': True, 'under_attack': None, 'interdicted': False, 'no_dock_reason': None, 'mission_completed': 0, 'mission_redirected': 0, 'body': None, 'dist_jumped': 0, 'jumps_remains': 0, 'fuel_capacity': 128.0, 'fuel_level': 128.0, 'fuel_percent': 100, 'is_scooping': False, 'cur_star_system': 'Alrai Sector HH-V b2-6', 'cur_station': 'Remek Platform', 'cur_station_type': 'Orbis', 'cargo_capacity': None, 'ship_size': 'L', 'has_fuel_scoop': None, 'SupercruiseDestinationDrop_type': None, 'has_adv_dock_comp': None, 'has_std_dock_comp': None, 'has_sco_fsd': None, 'StationServices': None}
12:38:16.902 DEBUG    Journal*.log: read: 18 ship: {'time': 3744, 'odyssey': True, 'status': 'in_station', 'type': 'panthermkii', 'location': 'Alrai Sector HH-V b2-6', 'star_class': None, 'target': None, 'fighter_destroyed': False, 'shieldsup': True, 'under_attack': None, 'interdicted': False, 'no_dock_reason': None, 'mission_completed': 0, 'mission_redirected': 0, 'body': None, 'dist_jumped': 0, 'jumps_remains': 0, 'fuel_capacity': 128.0, 'fuel_level': 128.0, 'fuel_percent': 100, 'is_scooping': False, 'cur_star_system': 'Alrai Sector HH-V b2-6', 'cur_station': 'Remek Platform', 'cur_station_type': 'Orbis', 'cargo_capacity': 1040, 'ship_size': 'L', 'has_fuel_scoop': True, 'SupercruiseDestinationDrop_type': None, 'has_adv_dock_comp': True, 'has_std_dock_comp': False, 'has_sco_fsd': True, 'StationServices': None}
12:38:16.903 INFO     Latest keybindings file:C:\Users\Vova\AppData\Local\Frontier Developments\Elite Dangerous\Options\Bindings\Avtopilot.4.2.binds
12:38:16.909 INFO     Latest keybindings file:C:\Users\Vova\AppData\Local\Frontier Developments\Elite Dangerous\Options\Bindings\Avtopilot.4.2.binds
12:38:16.915 INFO     	get_bindings_<YawLeftButton>={'key': 75, 'mods': []} Key: <Key_Numpad_4> Mod: < >
12:38:16.916 INFO     	get_bindings_<YawRightButton>={'key': 77, 'mods': []} Key: <Key_Numpad_6> Mod: < >
12:38:16.916 INFO     	get_bindings_<RollLeftButton>={'key': 71, 'mods': []} Key: <Key_Numpad_7> Mod: < >
12:38:16.916 INFO     	get_bindings_<RollRightButton>={'key': 73, 'mods': []} Key: <Key_Numpad_9> Mod: < >
12:38:16.916 INFO     	get_bindings_<PitchUpButton>={'key': 66, 'mods': []} Key: <Key_F8> Mod: < >
12:38:16.916 INFO     	get_bindings_<PitchDownButton>={'key': 65, 'mods': []} Key: <Key_F7> Mod: < >
12:38:16.916 INFO     	get_bindings_<SetSpeedZero>={'key': 45, 'mods': []} Key: <Key_X> Mod: < >
12:38:16.916 INFO     	get_bindings_<SetSpeed50>={'key': 45, 'mods': [29]} Key: <Key_X> Mod: <Key_LeftControl>
12:38:16.920 INFO     	get_bindings_<SetSpeed100>={'key': 45, 'mods': [42]} Key: <Key_X> Mod: <Key_LeftShift>
12:38:16.925 INFO     	get_bindings_<HyperSuperCombination>={'key': 35, 'mods': []} Key: <Key_H> Mod: < >
12:38:16.932 INFO     	get_bindings_<SelectTarget>={'key': 20, 'mods': []} Key: <Key_T> Mod: < >
12:38:16.933 INFO     	get_bindings_<DeployHeatSink>={'key': 47, 'mods': []} Key: <Key_V> Mod: < >
12:38:16.937 INFO     	get_bindings_<UIFocus>={'key': 64, 'mods': []} Key: <Key_F6> Mod: < >
12:38:16.942 INFO     	get_bindings_<UI_Up>={'key': 200, 'mods': []} Key: <Key_UpArrow> Mod: < >
12:38:16.944 INFO     	get_bindings_<UI_Down>={'key': 208, 'mods': []} Key: <Key_DownArrow> Mod: < >
12:38:16.944 INFO     	get_bindings_<UI_Left>={'key': 203, 'mods': []} Key: <Key_LeftArrow> Mod: < >
12:38:16.950 INFO     	get_bindings_<UI_Right>={'key': 205, 'mods': []} Key: <Key_RightArrow> Mod: < >
12:38:16.959 INFO     	get_bindings_<UI_Select>={'key': 28, 'mods': []} Key: <Key_Enter> Mod: < >
12:38:16.959 INFO     	get_bindings_<UI_Back>={'key': 12, 'mods': []} Key: <Key_Minus> Mod: < >
12:38:16.959 INFO     	get_bindings_<CycleNextPanel>={'key': 18, 'mods': []} Key: <Key_E> Mod: < >
12:38:16.959 INFO     	get_bindings_<HeadLookReset>={'key': 67, 'mods': []} Key: <Key_F9> Mod: < >
12:38:16.959 INFO     	get_bindings_<PrimaryFire>={'key': 2, 'mods': [29]} Key: <Key_1> Mod: <Key_LeftControl>
12:38:16.959 INFO     	get_bindings_<SecondaryFire>={'key': 3, 'mods': [29]} Key: <Key_2> Mod: <Key_LeftControl>
12:38:16.959 INFO     	get_bindings_<ExplorationFSSEnter>={'key': 40, 'mods': []} Key: <Key_Apostrophe> Mod: < >
12:38:16.959 INFO     	get_bindings_<ExplorationFSSQuit>={'key': 14, 'mods': []} Key: <Key_Backspace> Mod: < >
12:38:16.959 INFO     	get_bindings_<MouseReset>={'key': 76, 'mods': []} Key: <Key_Numpad_5> Mod: < >
12:38:16.959 INFO     	get_bindings_<DeployHardpointToggle>={'key': 22, 'mods': []} Key: <Key_U> Mod: < >
12:38:16.959 INFO     	get_bindings_<IncreaseEnginesPower>={'key': 6, 'mods': []} Key: <Key_5> Mod: < >
12:38:16.959 INFO     	get_bindings_<IncreaseWeaponsPower>={'key': 7, 'mods': []} Key: <Key_6> Mod: < >
12:38:16.959 INFO     	get_bindings_<IncreaseSystemsPower>={'key': 8, 'mods': []} Key: <Key_7> Mod: < >
12:38:16.959 INFO     	get_bindings_<GalaxyMapOpen>={'key': 51, 'mods': []} Key: <Key_Comma> Mod: < >
12:38:16.969 INFO     	get_bindings_<CamZoomIn>={'key': 44, 'mods': []} Key: <Key_Z> Mod: < >
12:38:16.969 INFO     	get_bindings_<SystemMapOpen>={'key': 52, 'mods': []} Key: <Key_Period> Mod: < >
12:38:16.970 INFO     	get_bindings_<UseBoostJuice>={'key': 15, 'mods': []} Key: <Key_Tab> Mod: < >
12:38:16.970 INFO     	get_bindings_<Supercruise>={'key': 37, 'mods': []} Key: <Key_K> Mod: < >
12:38:16.970 INFO     	get_bindings_<UpThrustButton>={'key': 19, 'mods': []} Key: <Key_R> Mod: < >
12:38:16.970 INFO     	get_bindings_<LandingGearToggle>={'key': 38, 'mods': []} Key: <Key_L> Mod: < >
12:38:16.970 INFO     	get_bindings_<TargetNextRouteSystem>={'key': 43, 'mods': []} Key: <Key_BackSlash> Mod: < >
12:38:16.970 INFO     	get_bindings_<CamTranslateForward>={'key': 26, 'mods': []} Key: <Key_LeftBracket> Mod: < >
12:38:16.970 INFO     	get_bindings_<CamTranslateRight>={'key': 27, 'mods': []} Key: <Key_RightBracket> Mod: < >
12:38:16.977 DEBUG    EDWayPoint: read json:{'GlobalShoppingList': {'SystemName': '', 'StationName': '', 'GalaxyBookmarkType': '', 'GalaxyBookmarkNumber': 0, 'SystemBookmarkType': '', 'SystemBookmarkNumber': 0, 'SellCommodities': {}, 'BuyCommodities': {'Indite': 0, 'Bertrandite': 999, 'Silver': 0, 'Gold': 0}, 'Comment': None, 'UpdateCommodityCount': True, 'FleetCarrierTransfer': False, 'Skip': True, 'Completed': False}, '1': {'SystemName': 'Orgen', 'StationName': 'Trailblazer Song', 'GalaxyBookmarkType': '', 'GalaxyBookmarkNumber': 0, 'SystemBookmarkType': 'Navigation Panel', 'SystemBookmarkNumber': 2, 'SellCommodities': {}, 'BuyCommodities': {}, 'Comment': None, 'UpdateCommodityCount': True, 'FleetCarrierTransfer': False, 'Skip': True, 'Completed': False}, '2': {'SystemName': 'Synuefe LO-G c27-25', 'StationName': 'Cat Colony', 'GalaxyBookmarkType': 'System', 'GalaxyBookmarkNumber': 3, 'SystemBookmarkType': '', 'SystemBookmarkNumber': 0, 'SellCommodities': {}, 'BuyCommodities': {}, 'Comment': None, 'UpdateCommodityCount': True, 'FleetCarrierTransfer': False, 'Skip': True, 'Completed': False}, '3': {'SystemName': 'Synuefe ZX-M b54-1', 'StationName': 'System Colonisation Ship', 'GalaxyBookmarkType': 'System', 'GalaxyBookmarkNumber': 1, 'SystemBookmarkType': '', 'SystemBookmarkNumber': 0, 'SellCommodities': {'ALL': 0}, 'BuyCommodities': {}, 'Comment': None, 'UpdateCommodityCount': True, 'FleetCarrierTransfer': False, 'Skip': True, 'Completed': False}, '4': {'SystemName': 'Lambda-1 Tucanae', 'StationName': 'Riess Hub', 'GalaxyBookmarkType': '', 'GalaxyBookmarkNumber': 0, 'SystemBookmarkType': 'Station', 'SystemBookmarkNumber': 1, 'SellCommodities': {'Water Purifiers': 9999}, 'BuyCommodities': {'Gold': 9999}, 'Comment': None, 'UpdateCommodityCount': False, 'FleetCarrierTransfer': False, 'Skip': True, 'Completed': False}, '5': {'SystemName': 'Mbutas', 'StationName': 'P.T.N. DARK SUN H6H-N8T', 'GalaxyBookmarkType': 'System', 'GalaxyBookmarkNumber': 3, 'SystemBookmarkType': '', 'SystemBookmarkNumber': 0, 'SellCommodities': {}, 'BuyCommodities': {}, 'Comment': 'Bertrandite', 'UpdateCommodityCount': False, 'FleetCarrierTransfer': False, 'Skip': True, 'Completed': False}, '6': {'SystemName': 'Mbutas', 'StationName': 'P.T.N. GHIBLI BOOKBOX GHB-BKB', 'GalaxyBookmarkType': 'System', 'GalaxyBookmarkNumber': 6, 'SystemBookmarkType': '', 'SystemBookmarkNumber': 0, 'SellCommodities': {}, 'BuyCommodities': {}, 'Comment': 'Gold', 'UpdateCommodityCount': False, 'FleetCarrierTransfer': False, 'Skip': True, 'Completed': False}, '7': {'SystemName': 'Mbutas', 'StationName': 'P.T.N. TAILS TFX-L3W', 'GalaxyBookmarkType': 'System', 'GalaxyBookmarkNumber': 10, 'SystemBookmarkType': '', 'SystemBookmarkNumber': 0, 'SellCommodities': {}, 'BuyCommodities': {}, 'Comment': 'Silver', 'UpdateCommodityCount': False, 'FleetCarrierTransfer': False, 'Skip': True, 'Completed': False}, '8': {'SystemName': 'Mbutas', 'StationName': 'P.T.N. THORONDOR TNT-95W', 'GalaxyBookmarkType': 'System', 'GalaxyBookmarkNumber': 11, 'SystemBookmarkType': '', 'SystemBookmarkNumber': 0, 'SellCommodities': {}, 'BuyCommodities': {}, 'Comment': 'Indite', 'UpdateCommodityCount': False, 'FleetCarrierTransfer': False, 'Skip': True, 'Completed': False}, '9': {'SystemName': 'Mbutas', 'StationName': 'P.T.N. CONSISTENCY G2H-N4Y', 'GalaxyBookmarkType': 'System', 'GalaxyBookmarkNumber': 4, 'SystemBookmarkType': '', 'SystemBookmarkNumber': 0, 'SellCommodities': {}, 'BuyCommodities': {}, 'Comment': 'Silver', 'UpdateCommodityCount': False, 'FleetCarrierTransfer': False, 'Skip': True, 'Completed': False}, '10': {'SystemName': 'Mbutas', 'StationName': 'P.T.N. PIT OF HERESY G1U-1TX', 'GalaxyBookmarkType': 'System', 'GalaxyBookmarkNumber': 9, 'SystemBookmarkType': '', 'SystemBookmarkNumber': 0, 'SellCommodities': {}, 'BuyCommodities': {}, 'Comment': 'Indite', 'UpdateCommodityCount': False, 'FleetCarrierTransfer': False, 'Skip': True, 'Completed': False}, '11': {'SystemName': 'Mbutas', 'StationName': 'P.T.N EVEREST T9K-5HQ', 'GalaxyBookmarkType': 'System', 'GalaxyBookmarkNumber': 2, 'SystemBookmarkType': '', 'SystemBookmarkNumber': 0, 'SellCommodities': {}, 'BuyCommodities': {}, 'Comment': 'Gold', 'UpdateCommodityCount': False, 'FleetCarrierTransfer': False, 'Skip': True, 'Completed': False}, '12': {'SystemName': 'Mbutas', 'StationName': 'P.T.N. BLOSSOM WBG-16Q', 'GalaxyBookmarkType': 'System', 'GalaxyBookmarkNumber': 0, 'SystemBookmarkType': '', 'SystemBookmarkNumber': 0, 'SellCommodities': {}, 'BuyCommodities': {}, 'Comment': 'Indite', 'UpdateCommodityCount': False, 'FleetCarrierTransfer': False, 'Skip': True, 'Completed': False}, '13': {'SystemName': 'Mbutas', 'StationName': 'P.T.N. HADES WNX-33Y', 'GalaxyBookmarkType': 'System', 'GalaxyBookmarkNumber': 7, 'SystemBookmarkType': '', 'SystemBookmarkNumber': 0, 'SellCommodities': {}, 'BuyCommodities': {}, 'Comment': None, 'UpdateCommodityCount': False, 'FleetCarrierTransfer': False, 'Skip': True, 'Completed': False}, '14': {'SystemName': 'Mbutas', 'StationName': 'P.T.N. OLYMPUS WBJ-N1Y', 'GalaxyBookmarkType': 'System', 'GalaxyBookmarkNumber': 8, 'SystemBookmarkType': '', 'SystemBookmarkNumber': 0, 'SellCommodities': {}, 'BuyCommodities': {}, 'Comment': 'Bertrandite', 'UpdateCommodityCount': False, 'FleetCarrierTransfer': False, 'Skip': True, 'Completed': False}, '15': {'SystemName': 'Mbutas', 'StationName': 'PTN ROSIES BAR GFT-N6V', 'GalaxyBookmarkType': 'System', 'GalaxyBookmarkNumber': 12, 'SystemBookmarkType': '', 'SystemBookmarkNumber': 0, 'SellCommodities': {}, 'BuyCommodities': {}, 'Comment': 'Gold', 'UpdateCommodityCount': False, 'FleetCarrierTransfer': False, 'Skip': True, 'Completed': False}, '16': {'SystemName': 'Mbutas', 'StationName': 'PTN WARDEN OF NOTHING (T7T-6VX)', 'GalaxyBookmarkType': 'System', 'GalaxyBookmarkNumber': 8, 'SystemBookmarkType': '', 'SystemBookmarkNumber': 0, 'SellCommodities': {}, 'BuyCommodities': {}, 'Comment': None, 'UpdateCommodityCount': False, 'FleetCarrierTransfer': False, 'Skip': True, 'Completed': False}, '17': {'SystemName': 'Mbutas', 'StationName': 'PTN THE LAVISH CHATEAU GFT-NXF', 'GalaxyBookmarkType': 'System', 'GalaxyBookmarkNumber': 13, 'SystemBookmarkType': '', 'SystemBookmarkNumber': 0, 'SellCommodities': {}, 'BuyCommodities': {}, 'Comment': 'Bertrandite', 'UpdateCommodityCount': False, 'FleetCarrierTransfer': False, 'Skip': False, 'Completed': False}, '18': {'SystemName': 'Mbutas', 'StationName': 'Burkin Orbital', 'GalaxyBookmarkType': '', 'GalaxyBookmarkNumber': 0, 'SystemBookmarkType': 'Station', 'SystemBookmarkNumber': 1, 'SellCommodities': {}, 'BuyCommodities': {}, 'Comment': None, 'UpdateCommodityCount': False, 'FleetCarrierTransfer': False, 'Skip': False, 'Completed': False}, '19': {'SystemName': 'Mbutas', 'StationName': 'Dalton', 'GalaxyBookmarkType': '', 'GalaxyBookmarkNumber': 0, 'SystemBookmarkType': 'Station', 'SystemBookmarkNumber': 2, 'SellCommodities': {}, 'BuyCommodities': {}, 'Comment': None, 'UpdateCommodityCount': False, 'FleetCarrierTransfer': False, 'Skip': True, 'Completed': False}, '20': {'SystemName': 'New System', 'StationName': '', 'GalaxyBookmarkType': '', 'GalaxyBookmarkNumber': 0, 'SystemBookmarkType': '', 'SystemBookmarkNumber': 0, 'SellCommodities': {}, 'BuyCommodities': {}, 'Comment': None, 'UpdateCommodityCount': False, 'FleetCarrierTransfer': False, 'Skip': False, 'Completed': False}}
12:38:17.001 INFO     Доступні голоси:
12:38:17.001 INFO     Доступні голоси:
12:38:17.001 INFO     Голос 0: Microsoft Zira Desktop - English (United States) (HKEY_LOCAL_MACHINE\SOFTWARE\Microsoft\Speech\Voices\Tokens\TTS_MS_EN-US_ZIRA_11.0)
12:38:17.001 INFO     Голос 0: Microsoft Zira Desktop - English (United States) (HKEY_LOCAL_MACHINE\SOFTWARE\Microsoft\Speech\Voices\Tokens\TTS_MS_EN-US_ZIRA_11.0)
12:38:17.001 INFO     Голос 1: Natalia (HKEY_LOCAL_MACHINE\SOFTWARE\Microsoft\Speech\Voices\TokenEnums\RHVoice\Natalia)
12:38:17.001 INFO     Голос 1: Natalia (HKEY_LOCAL_MACHINE\SOFTWARE\Microsoft\Speech\Voices\TokenEnums\RHVoice\Natalia)
12:38:17.001 INFO     Голос 2: Volodymyr (HKEY_LOCAL_MACHINE\SOFTWARE\Microsoft\Speech\Voices\TokenEnums\RHVoice\Volodymyr)
12:38:17.001 INFO     Голос 2: Volodymyr (HKEY_LOCAL_MACHINE\SOFTWARE\Microsoft\Speech\Voices\TokenEnums\RHVoice\Volodymyr)
12:38:17.035 INFO     Запуск ED Autopilot V1.7.0.
12:38:17.039 DEBUG    Found 3 total voice options
12:38:17.041 DEBUG    Voice option: {'id': 0, 'name': 'Microsoft Zira Desktop - English (United States)', 'languages': [], 'label': '0: Microsoft Zira Desktop - English (United States)'}
12:38:17.041 DEBUG    Voice option: {'id': 1, 'name': 'Natalia', 'languages': [], 'label': '1: Natalia'}
12:38:17.041 DEBUG    Voice option: {'id': 2, 'name': 'Volodymyr', 'languages': [], 'label': '2: Volodymyr'}
12:38:17.041 DEBUG    Loaded 3 voice options
12:38:17.041 DEBUG    Voice initialization: voice_id_from_config=2
12:38:17.041 DEBUG    Setting voice selection: requested_id=2, available_options=3
12:38:17.041 DEBUG    Found matching voice: 2: Volodymyr
12:38:17.041 DEBUG    Voice already selected, skipping auto-selection
12:38:17.076 DEBUG    Voice controls state: has_voices=True, voice_options_count=3, state=readonly
12:38:17.076 DEBUG    Voice combo values: ['0: Microsoft Zira Desktop - English (United States)', '1: Natalia', '2: Volodymyr']
12:38:17.197 INFO     Завантажено файл маршрутів: F:/AIAUTOPILOT/waypoints/exemle_RU_repeat_route.json.
12:38:17.197 INFO     Завантажено файл маршрутів: F:/AIAUTOPILOT/waypoints/exemle_RU_repeat_route.json.
12:38:17.197 DEBUG    EDWayPoint: read json:{'GlobalShoppingList': {'SystemName': '', 'StationName': '', 'GalaxyBookmarkType': '', 'GalaxyBookmarkNumber': 0, 'SystemBookmarkType': '', 'SystemBookmarkNumber': 0, 'SellCommodities': {}, 'BuyCommodities': {}, 'Comment': None, 'UpdateCommodityCount': False, 'FleetCarrierTransfer': False, 'Skip': True, 'Completed': False}, '1': {'SystemName': 'Alrai Sector HH-V b2-6', 'StationName': 'Remek Platform', 'GalaxyBookmarkType': '', 'GalaxyBookmarkNumber': 0, 'SystemBookmarkType': 'Station', 'SystemBookmarkNumber': 1, 'SellCommodities': {'БокситСистемы обогащения почвы': 9999}, 'BuyCommodities': {'Боксит': 9999}, 'Comment': None, 'UpdateCommodityCount': False, 'FleetCarrierTransfer': False, 'Skip': False, 'Completed': True}, '2': {'SystemName': 'Jonai', 'StationName': 'Pribylov Port', 'GalaxyBookmarkType': '', 'GalaxyBookmarkNumber': 0, 'SystemBookmarkType': 'Station', 'SystemBookmarkNumber': 1, 'SellCommodities': {'Боксит': 9999}, 'BuyCommodities': {'Системы обогащения почвы': 9999}, 'Comment': None, 'UpdateCommodityCount': False, 'FleetCarrierTransfer': False, 'Skip': False, 'Completed': False}, '3': {'SystemName': 'REPEAT', 'StationName': '', 'GalaxyBookmarkType': '', 'GalaxyBookmarkNumber': 0, 'SystemBookmarkType': '', 'SystemBookmarkNumber': 0, 'SellCommodities': {}, 'BuyCommodities': {}, 'Comment': None, 'UpdateCommodityCount': False, 'FleetCarrierTransfer': False, 'Skip': False, 'Completed': False}}
12:38:17.197 INFO     Автоматично завантажено waypoint файл: F:/AIAUTOPILOT/waypoints/exemle_RU_repeat_route.json
12:38:17.198 INFO     ED Autopilot успішно завантажено.
12:38:18.093 INFO     Ласкаво просимо на борт Panther Clipper Mk II.
12:38:18.095 INFO     Ласкаво просимо на борт Panther Clipper Mk II.
12:38:18.109 INFO     Завантажено вашу користувацьку конфігурацію panthermkii з ship_configs.json.
12:38:18.111 INFO     Завантажено вашу користувацьку конфігурацію panthermkii з ship_configs.json.
12:38:21.016 INFO     Reinitializing PaddleOCR for language 'en'
12:38:22.530 INFO     Мову OCR змінено на en.
12:38:22.530 INFO     Мову OCR змінено на en.
12:38:22.531 INFO     Мову OCR змінено на English.
12:38:23.745 INFO     Reinitializing PaddleOCR for language 'ru'
12:38:24.952 INFO     Мову OCR змінено на ru.
12:38:24.953 INFO     Мову OCR змінено на ru.
12:38:24.953 INFO     Мову OCR змінено на Русский.
12:39:02.044 INFO     Завантажено файл маршрутів: F:/AIAUTOPILOT/waypoints/exemle_RU_repeat_route.json.
12:39:02.045 INFO     Завантажено файл маршрутів: F:/AIAUTOPILOT/waypoints/exemle_RU_repeat_route.json.
12:39:02.045 DEBUG    EDWayPoint: read json:{'GlobalShoppingList': {'SystemName': '', 'StationName': '', 'GalaxyBookmarkType': '', 'GalaxyBookmarkNumber': 0, 'SystemBookmarkType': '', 'SystemBookmarkNumber': 0, 'SellCommodities': {}, 'BuyCommodities': {}, 'Comment': None, 'UpdateCommodityCount': False, 'FleetCarrierTransfer': False, 'Skip': True, 'Completed': False}, '1': {'SystemName': 'Alrai Sector HH-V b2-6', 'StationName': 'Remek Platform', 'GalaxyBookmarkType': '', 'GalaxyBookmarkNumber': 0, 'SystemBookmarkType': 'Station', 'SystemBookmarkNumber': 1, 'SellCommodities': {'БокситСистемы обогащения почвы': 9999}, 'BuyCommodities': {'Боксит': 9999}, 'Comment': None, 'UpdateCommodityCount': False, 'FleetCarrierTransfer': False, 'Skip': False, 'Completed': True}, '2': {'SystemName': 'Jonai', 'StationName': 'Pribylov Port', 'GalaxyBookmarkType': '', 'GalaxyBookmarkNumber': 0, 'SystemBookmarkType': 'Station', 'SystemBookmarkNumber': 1, 'SellCommodities': {'Боксит': 9999}, 'BuyCommodities': {'Системы обогащения почвы': 9999}, 'Comment': None, 'UpdateCommodityCount': False, 'FleetCarrierTransfer': False, 'Skip': False, 'Completed': False}, '3': {'SystemName': 'REPEAT', 'StationName': '', 'GalaxyBookmarkType': '', 'GalaxyBookmarkNumber': 0, 'SystemBookmarkType': '', 'SystemBookmarkNumber': 0, 'SellCommodities': {}, 'BuyCommodities': {}, 'Comment': None, 'UpdateCommodityCount': False, 'FleetCarrierTransfer': False, 'Skip': False, 'Completed': False}}
12:39:02.046 DEBUG    Збережено шлях до waypoint файлу: F:/AIAUTOPILOT/waypoints/exemle_RU_repeat_route.json
12:39:03.314 DEBUG    Entered: start_waypoint
12:39:03.314 INFO     Старт асистента маршрутних точок
12:39:03.405 DEBUG    Running waypoint_assist
12:39:03.422 INFO     Файл маршрутів: exemle_RU_repeat_route.json.
12:39:03.427 INFO     Файл маршрутів: exemle_RU_repeat_route.json.
12:39:03.427 INFO     Зведення маршрутів для exemle_RU_repeat_route.json:
12:39:03.451 INFO     Зведення маршрутів для exemle_RU_repeat_route.json:
12:39:03.451 INFO     1: Alrai Sector HH-V b2-6 / Remek Platform | Пропуск: False | Виконано: True
12:39:03.454 INFO     1: Alrai Sector HH-V b2-6 / Remek Platform | Пропуск: False | Виконано: True
12:39:03.454 INFO     2: Jonai / Pribylov Port | Пропуск: False | Виконано: False
12:39:03.457 INFO     2: Jonai / Pribylov Port | Пропуск: False | Виконано: False
12:39:03.457 INFO     3: REPEAT /  | Пропуск: False | Виконано: False
12:39:03.464 INFO     3: REPEAT /  | Пропуск: False | Виконано: False
12:39:03.482 INFO     Наступний маршрут: PRIBYLOV PORT у JONAI.
12:39:03.482 INFO     Наступний маршрут: PRIBYLOV PORT у JONAI.
12:39:03.482 INFO     Наводимо систему JONAI.
12:39:03.488 INFO     Наводимо систему JONAI.
12:39:03.488 DEBUG    Відкриваю карту галактики.
12:39:03.489 DEBUG    	send=GalaxyMapOpen,key:{'key': 51, 'mods': []},key_name:Key_Comma,hold:None,repeat:1,repeat_delay:None,state:None
12:39:04.189 DEBUG    Region OCR raw='['н']' normalized='н' target='CARTOGRAPHICS' normalized_target='саrтоgrарнiсs'
12:39:04.190 DEBUG    Did not find 'CARTOGRAPHICS' text in item text '['н']'.
12:39:04.500 DEBUG    Region OCR raw='['н']' normalized='н' target='CARTOGRAPHICS' normalized_target='саrтоgrарнiсs'
12:39:04.500 DEBUG    Did not find 'CARTOGRAPHICS' text in item text '['н']'.
12:39:04.800 DEBUG    Region OCR raw='None' normalized='' target='CARTOGRAPHICS' normalized_target='саrтоgrарнiсs'
12:39:04.800 DEBUG    Did not find 'CARTOGRAPHICS' text in item text 'None'.
12:39:05.092 DEBUG    Region OCR raw='None' normalized='' target='CARTOGRAPHICS' normalized_target='саrтоgrарнiсs'
12:39:05.093 DEBUG    Did not find 'CARTOGRAPHICS' text in item text 'None'.
12:39:05.792 DEBUG    Region OCR raw='['nNy e Is a', '10:39.0', 'SARTOGRAPHICS', '2', 'Nоя', '3з', 'Antanyamai', 'г', 'Co', '85', 'Sector', 'RO-r', 'b19-6']' normalized='nnу е is а озо sаrтоgrарнiсs nоя зз аnтаnуамаi г со sестоr rо r в б' target='CARTOGRAPHICS' normalized_target='саrтоgrарнiсs'
12:39:05.792 DEBUG    Did not find 'CARTOGRAPHICS' text in item text '['nNy e Is a', '10:39.0', 'SARTOGRAPHICS', '2', 'Nоя', '3з', 'Antanyamai', 'г', 'Co', '85', 'Sector', 'RO-r', 'b19-6']'.
12:39:06.334 DEBUG    Region OCR raw='['nNy e Is a', '10390', 'SARTOGRAPHICS', '2', 'Nоя', '3з', 'Antanyamai', 'т', 'Co', '285', 'Sector', 'Ro-r', 'b19-6']' normalized='nnу е is а озо sаrтоgrарнiсs nоя зз аnтаnуамаi т со sестоr rо r в б' target='CARTOGRAPHICS' normalized_target='саrтоgrарнiсs'
12:39:06.343 DEBUG    Did not find 'CARTOGRAPHICS' text in item text '['nNy e Is a', '10390', 'SARTOGRAPHICS', '2', 'Nоя', '3з', 'Antanyamai', 'т', 'Co', '285', 'Sector', 'Ro-r', 'b19-6']'.
12:39:06.846 DEBUG    Region OCR raw='['nNy e Is a', '103908', 'SARTOGRAPHICS', '2', 'Nоя', 'Antanyamai', 'т', 'Co', '285', 'Sector', 'Ro-r', 'b19-6']' normalized='nnу е is а озо sаrтоgrарнiсs nоя аnтаnуамаi т со sестоr rо r в б' target='CARTOGRAPHICS' normalized_target='саrтоgrарнiсs'
12:39:06.846 DEBUG    Did not find 'CARTOGRAPHICS' text in item text '['nNy e Is a', '103908', 'SARTOGRAPHICS', '2', 'Nоя', 'Antanyamai', 'т', 'Co', '285', 'Sector', 'Ro-r', 'b19-6']'.
12:39:07.285 DEBUG    Region OCR raw='['nNy e Is a', '103908', 'SARTOGRAPHICS', '2', 'Nоя', 'Antanyamai', 'т', 'Co', '285', 'Sector', 'RO-r', 'b19-6']' normalized='nnу е is а озо sаrтоgrарнiсs nоя аnтаnуамаi т со sестоr rо r в б' target='CARTOGRAPHICS' normalized_target='саrтоgrарнiсs'
12:39:07.285 DEBUG    Did not find 'CARTOGRAPHICS' text in item text '['nNy e Is a', '103908', 'SARTOGRAPHICS', '2', 'Nоя', 'Antanyamai', 'т', 'Co', '285', 'Sector', 'RO-r', 'b19-6']'.
12:39:07.787 DEBUG    Region OCR raw='['nNy e Is a', '10:3909', 'SARTOGRAPHICS', '2', 'Nоя', '3з', 'Antanyamai', 'т', 'Co', '285', 'Sector', 'RO-r', 'b19-6']' normalized='nnу е is а озо sаrтоgrарнiсs nоя зз аnтаnуамаi т со sестоr rо r в б' target='CARTOGRAPHICS' normalized_target='саrтоgrарнiсs'
12:39:07.787 DEBUG    Did not find 'CARTOGRAPHICS' text in item text '['nNy e Is a', '10:3909', 'SARTOGRAPHICS', '2', 'Nоя', '3з', 'Antanyamai', 'т', 'Co', '285', 'Sector', 'RO-r', 'b19-6']'.
12:39:08.234 DEBUG    Region OCR raw='['nNy e Is a', '10:3909', 'SARTOGRAPHICS', '2', 'Nоя', '3з', 'Antanyamai', 'т', 'Co', '285', 'Sector', 'RO-r', 'b19-6']' normalized='nnу е is а озо sаrтоgrарнiсs nоя зз аnтаnуамаi т со sестоr rо r в б' target='CARTOGRAPHICS' normalized_target='саrтоgrарнiсs'
12:39:08.234 DEBUG    Did not find 'CARTOGRAPHICS' text in item text '['nNy e Is a', '10:3909', 'SARTOGRAPHICS', '2', 'Nоя', '3з', 'Antanyamai', 'т', 'Co', '285', 'Sector', 'RO-r', 'b19-6']'.
12:39:08.745 DEBUG    Region OCR raw='['nNy e Is a', '10:39:19', 'SARTOGRAPHICS', '2', 'Nоя', '3з', 'Antanyamai', 'Co', 'RO-r', 'b19-6']' normalized='nnу е is а оз sаrтоgrарнiсs nоя зз аnтаnуамаi со rо r в б' target='CARTOGRAPHICS' normalized_target='саrтоgrарнiсs'
12:39:08.747 DEBUG    Did not find 'CARTOGRAPHICS' text in item text '['nNy e Is a', '10:39:19', 'SARTOGRAPHICS', '2', 'Nоя', '3з', 'Antanyamai', 'Co', 'RO-r', 'b19-6']'.
12:39:09.156 DEBUG    Region OCR raw='['nNy e Is a', '10:39:19', 'SARTOGRAPHICS', '2', 'Nоя', '3з', 'Antanyamai', 'Co', 'Ro-r', 'b19-6']' normalized='nnу е is а оз sаrтоgrарнiсs nоя зз аnтаnуамаi со rо r в б' target='CARTOGRAPHICS' normalized_target='саrтоgrарнiсs'
12:39:09.156 DEBUG    Did not find 'CARTOGRAPHICS' text in item text '['nNy e Is a', '10:39:19', 'SARTOGRAPHICS', '2', 'Nоя', '3з', 'Antanyamai', 'Co', 'Ro-r', 'b19-6']'.
12:39:09.627 DEBUG    Region OCR raw='['nNy e Is a', '10:39.1', 'SARTOGRAPHICS', '2', 'Nоя', '3з', 'Antanyamai', 'Co', 'Ro-r', 'b19-6']' normalized='nnу е is а оз sаrтоgrарнiсs nоя зз аnтаnуамаi со rо r в б' target='CARTOGRAPHICS' normalized_target='саrтоgrарнiсs'
12:39:09.627 DEBUG    Did not find 'CARTOGRAPHICS' text in item text '['nNy e Is a', '10:39.1', 'SARTOGRAPHICS', '2', 'Nоя', '3з', 'Antanyamai', 'Co', 'Ro-r', 'b19-6']'.
12:39:10.062 DEBUG    Region OCR raw='['nNy e Is a', '10:39.1', 'SARTOGRAPHICS', '2', 'Nоя', '3з', 'Antanyamai', 'т', 'Co', 'Ro-r', 'b19-6']' normalized='nnу е is а оз sаrтоgrарнiсs nоя зз аnтаnуамаi т со rо r в б' target='CARTOGRAPHICS' normalized_target='саrтоgrарнiсs'
12:39:10.062 DEBUG    Did not find 'CARTOGRAPHICS' text in item text '['nNy e Is a', '10:39.1', 'SARTOGRAPHICS', '2', 'Nоя', '3з', 'Antanyamai', 'т', 'Co', 'Ro-r', 'b19-6']'.
12:39:10.482 DEBUG    Region OCR raw='['nNy e Is a', '10:39.1', 'SARTOGRAPHICS', '2', 'Nоя', '3з', 'Antanyamai', 'т', 'Co', 'Ro-r', 'b19-6']' normalized='nnу е is а оз sаrтоgrарнiсs nоя зз аnтаnуамаi т со rо r в б' target='CARTOGRAPHICS' normalized_target='саrтоgrарнiсs'
12:39:10.482 DEBUG    Did not find 'CARTOGRAPHICS' text in item text '['nNy e Is a', '10:39.1', 'SARTOGRAPHICS', '2', 'Nоя', '3з', 'Antanyamai', 'т', 'Co', 'Ro-r', 'b19-6']'.
12:39:10.901 DEBUG    Region OCR raw='['nNy e Is a', '1039:1', 'SARTOGRAPHICS', '2', 'Nоя', '3з', 'Antanyamai', 'т', 'Co', 'Ro-r', 'b19-6']' normalized='nnу е is а оз sаrтоgrарнiсs nоя зз аnтаnуамаi т со rо r в б' target='CARTOGRAPHICS' normalized_target='саrтоgrарнiсs'
12:39:10.902 DEBUG    Did not find 'CARTOGRAPHICS' text in item text '['nNy e Is a', '1039:1', 'SARTOGRAPHICS', '2', 'Nоя', '3з', 'Antanyamai', 'т', 'Co', 'Ro-r', 'b19-6']'.
12:39:11.318 DEBUG    Region OCR raw='['nNy e Is a', '1039:1', 'SARTOGRAPHICS', '2', 'Nоя', '3з', 'Antanyamai', 'т', 'Co', 'Ro-r', 'b19-6']' normalized='nnу е is а оз sаrтоgrарнiсs nоя зз аnтаnуамаi т со rо r в б' target='CARTOGRAPHICS' normalized_target='саrтоgrарнiсs'
12:39:11.319 DEBUG    Did not find 'CARTOGRAPHICS' text in item text '['nNy e Is a', '1039:1', 'SARTOGRAPHICS', '2', 'Nоя', '3з', 'Antanyamai', 'т', 'Co', 'Ro-r', 'b19-6']'.
12:39:11.733 DEBUG    Region OCR raw='['nNy e Is a', '10:39:8', 'SARTOGRAPHICS', '2', 'Nоя', '3з', 'Antanyama', 'т', 'Co', 'Ro-r', 'b19-6']' normalized='nnу е is а оз sаrтоgrарнiсs nоя зз аnтаnуама т со rо r в б' target='CARTOGRAPHICS' normalized_target='саrтоgrарнiсs'
12:39:11.743 DEBUG    Did not find 'CARTOGRAPHICS' text in item text '['nNy e Is a', '10:39:8', 'SARTOGRAPHICS', '2', 'Nоя', '3з', 'Antanyama', 'т', 'Co', 'Ro-r', 'b19-6']'.
12:39:12.160 DEBUG    Region OCR raw='['nNy e Is a', '10:39:8', 'SARTOGRAPHICS', '2', 'Nоя', '3з', 'Antanyamai', 'т', 'Co', 'Ro-r', 'b19-6']' normalized='nnу е is а оз sаrтоgrарнiсs nоя зз аnтаnуамаi т со rо r в б' target='CARTOGRAPHICS' normalized_target='саrтоgrарнiсs'
12:39:12.160 DEBUG    Did not find 'CARTOGRAPHICS' text in item text '['nNy e Is a', '10:39:8', 'SARTOGRAPHICS', '2', 'Nоя', '3з', 'Antanyamai', 'т', 'Co', 'Ro-r', 'b19-6']'.
12:39:12.585 DEBUG    Region OCR raw='['nNy e Is a', '1039:4', 'SARTOGRAPHICS', '2', 'Nоя', '3з', 'Antanyamai', 'т', 'Co', 'Ro-r', 'b19-6']' normalized='nnу е is а озч sаrтоgrарнiсs nоя зз аnтаnуамаi т со rо r в б' target='CARTOGRAPHICS' normalized_target='саrтоgrарнiсs'
12:39:12.585 DEBUG    Did not find 'CARTOGRAPHICS' text in item text '['nNy e Is a', '1039:4', 'SARTOGRAPHICS', '2', 'Nоя', '3з', 'Antanyamai', 'т', 'Co', 'Ro-r', 'b19-6']'.
12:39:13.005 DEBUG    Region OCR raw='['nNy e Is a', '1039:4', 'SARTOGRAPHICS', '2', 'Nоя', '3з', 'Antanyama!', 'т', 'Co', 'Ro-r', 'b19-6']' normalized='nnу е is а озч sаrтоgrарнiсs nоя зз аnтаnуама т со rо r в б' target='CARTOGRAPHICS' normalized_target='саrтоgrарнiсs'
12:39:13.005 DEBUG    Did not find 'CARTOGRAPHICS' text in item text '['nNy e Is a', '1039:4', 'SARTOGRAPHICS', '2', 'Nоя', '3з', 'Antanyama!', 'т', 'Co', 'Ro-r', 'b19-6']'.
12:39:13.548 DEBUG    Region OCR raw='['nNy e Is a', '1039:4', 'SARTOGRAPHICS', '2', 'Nоя', '3з', 'Antanyama!', 'т', 'Co', '285', 'Sector', 'RO-r', 'b19-6']' normalized='nnу е is а озч sаrтоgrарнiсs nоя зз аnтаnуама т со sестоr rо r в б' target='CARTOGRAPHICS' normalized_target='саrтоgrарнiсs'
12:39:13.548 DEBUG    Did not find 'CARTOGRAPHICS' text in item text '['nNy e Is a', '1039:4', 'SARTOGRAPHICS', '2', 'Nоя', '3з', 'Antanyama!', 'т', 'Co', '285', 'Sector', 'RO-r', 'b19-6']'.
12:39:13.999 DEBUG    Region OCR raw='['nNy e Is a', '10:39.:', 'SARTOGRAPHICS', '2', 'Nоя', '3з', 'Antanyama', 'т', 'Co', '285', 'Sector', 'RO-r', 'b19-6']' normalized='nnу е is а оз sаrтоgrарнiсs nоя зз аnтаnуама т со sестоr rо r в б' target='CARTOGRAPHICS' normalized_target='саrтоgrарнiсs'
12:39:13.999 DEBUG    Did not find 'CARTOGRAPHICS' text in item text '['nNy e Is a', '10:39.:', 'SARTOGRAPHICS', '2', 'Nоя', '3з', 'Antanyama', 'т', 'Co', '285', 'Sector', 'RO-r', 'b19-6']'.
12:39:14.449 DEBUG    Region OCR raw='['nNy e Is a', '10:39.:', 'SARTOGRAPHICS', '2', 'Nоя', '3з', 'Antanyamai', 'т', 'Co', '285', 'Sector', 'RO-r', 'b19-6']' normalized='nnу е is а оз sаrтоgrарнiсs nоя зз аnтаnуамаi т со sестоr rо r в б' target='CARTOGRAPHICS' normalized_target='саrтоgrарнiсs'
12:39:14.449 DEBUG    Did not find 'CARTOGRAPHICS' text in item text '['nNy e Is a', '10:39.:', 'SARTOGRAPHICS', '2', 'Nоя', '3з', 'Antanyamai', 'т', 'Co', '285', 'Sector', 'RO-r', 'b19-6']'.
12:39:14.894 DEBUG    Region OCR raw='['nNy e Is a', '1039.', 'SARTOGRAPHICS', '2', 'Nоя', '3з', 'Antanyama', 'т', 'Co', '285', 'Sector', 'RO-r', 'b19-6']' normalized='nnу е is а оз sаrтоgrарнiсs nоя зз аnтаnуама т со sестоr rо r в б' target='CARTOGRAPHICS' normalized_target='саrтоgrарнiсs'
12:39:14.894 DEBUG    Did not find 'CARTOGRAPHICS' text in item text '['nNy e Is a', '1039.', 'SARTOGRAPHICS', '2', 'Nоя', '3з', 'Antanyama', 'т', 'Co', '285', 'Sector', 'RO-r', 'b19-6']'.
12:39:15.312 DEBUG    Region OCR raw='['nNy e Is a', '1039.', 'SARTOGRAPHICS', '2', 'Nоя', '3з', 'Antanyamai', 'т', 'Co', 'Ro-r', 'b19-6']' normalized='nnу е is а оз sаrтоgrарнiсs nоя зз аnтаnуамаi т со rо r в б' target='CARTOGRAPHICS' normalized_target='саrтоgrарнiсs'
12:39:15.312 DEBUG    Did not find 'CARTOGRAPHICS' text in item text '['nNy e Is a', '1039.', 'SARTOGRAPHICS', '2', 'Nоя', '3з', 'Antanyamai', 'т', 'Co', 'Ro-r', 'b19-6']'.
12:39:15.816 DEBUG    Region OCR raw='['nNy e Is a', '1039.1', 'SARTOGRAPHICS', '2', 'Nоя', '3з', 'Antanyamai', 'т', 'Co', 'RO-r', 'b19-6']' normalized='nnу е is а оз sаrтоgrарнiсs nоя зз аnтаnуамаi т со rо r в б' target='CARTOGRAPHICS' normalized_target='саrтоgrарнiсs'
12:39:15.816 DEBUG    Did not find 'CARTOGRAPHICS' text in item text '['nNy e Is a', '1039.1', 'SARTOGRAPHICS', '2', 'Nоя', '3з', 'Antanyamai', 'т', 'Co', 'RO-r', 'b19-6']'.
12:39:16.235 DEBUG    Region OCR raw='['nNy e Is a', '1039.1', 'SARTOGRAPHICS', '2', 'Nоя', '3з', 'Antanyamai', 'т', 'Co', 'Ro-r', 'b19-6']' normalized='nnу е is а оз sаrтоgrарнiсs nоя зз аnтаnуамаi т со rо r в б' target='CARTOGRAPHICS' normalized_target='саrтоgrарнiсs'
12:39:16.235 DEBUG    Did not find 'CARTOGRAPHICS' text in item text '['nNy e Is a', '1039.1', 'SARTOGRAPHICS', '2', 'Nоя', '3з', 'Antanyamai', 'т', 'Co', 'Ro-r', 'b19-6']'.
12:39:16.570 DEBUG    Entered: stop_all_assists
12:39:16.571 DEBUG    Stopping active assists: Waypoint
12:39:16.571 INFO     Зупинка всіх асистентів
12:39:16.571 DEBUG    Detected 'stop_all_assists' callback msg
12:39:16.695 DEBUG    Stopping Waypoint Assist - WP_A_running: True
12:39:16.697 DEBUG    check_cb: Calling stop_waypoint()
12:39:16.697 DEBUG    Entered: stop_waypoint
12:39:16.697 DEBUG    Caught stop exception
12:39:16.698 DEBUG    Detected 'waypoint_stop' callback msg
12:39:16.698 INFO     Зупинка асистента маршрутних точок
12:39:16.698 INFO     Оновлення статусу: Очікування
12:39:16.878 DEBUG    Entered: stop_dss
12:39:16.878 DEBUG    DSS Assist already stopped, skipping
12:39:17.004 DEBUG    check_cb: Waypoint checkbox is 0 but WP_A_running is False - already stopped
12:39:19.847 DEBUG    Entered: close_window
12:39:19.847 DEBUG    Entered: stop_fsd
12:39:19.847 DEBUG    FSD Assist already stopped, skipping
12:39:19.847 DEBUG    Entered: stop_sc
12:39:19.847 DEBUG    SC Assist already stopped, skipping
